Training in mixed mode.
Loading data
Training...
epoch  0
use_uva  True
step  0
num of output nodes  196615

Epoch 00000 | Loss 8.332435 
epoch  1
use_uva  True
step  0
num of output nodes  196615

Epoch 00001 | Loss 7.392658 
epoch  2
use_uva  True
step  0
num of output nodes  196615

Epoch 00002 | Loss 6.566970 
epoch  3
use_uva  True
step  0
num of output nodes  196615

Epoch 00003 | Loss 5.840466 
epoch  4
use_uva  True
step  0
num of output nodes  196615

Epoch 00004 | Loss 5.323751 
epoch  5
use_uva  True
step  0
num of output nodes  196615

Epoch 00005 | Loss 4.922917 
epoch  6
use_uva  True
step  0
num of output nodes  196615

Epoch 00006 | Loss 4.667719 
epoch  7
use_uva  True
step  0
num of output nodes  196615

Epoch 00007 | Loss 4.454090 
epoch  8
use_uva  True
step  0
num of output nodes  196615

Epoch 00008 | Loss 4.278979 
epoch  9
use_uva  True
step  0
num of output nodes  196615

Epoch 00009 | Loss 4.095567 
epoch  10
use_uva  True
step  0
num of output nodes  196615
train time  0.733790397644043
dataloader_time  0.38894009590148926
train_time_wo_loader  0.011137723922729492

Epoch 00010 | Loss 3.912283 
epoch  11
use_uva  True
step  0
num of output nodes  196615
train time  0.7336857318878174
dataloader_time  0.38907957077026367
train_time_wo_loader  0.011245012283325195

Epoch 00011 | Loss 3.706009 
epoch  12
use_uva  True
step  0
num of output nodes  196615
train time  0.7339465618133545
dataloader_time  0.3894059658050537
train_time_wo_loader  0.013083219528198242

Epoch 00012 | Loss 3.553092 
epoch  13
use_uva  True
step  0
num of output nodes  196615
train time  0.7338924407958984
dataloader_time  0.38929271697998047
train_time_wo_loader  0.013227224349975586

Epoch 00013 | Loss 3.397341 
epoch  14
use_uva  True
step  0
num of output nodes  196615
train time  0.7375199794769287
dataloader_time  0.39272642135620117
train_time_wo_loader  0.010976076126098633

Epoch 00014 | Loss 3.266763 
epoch  15
use_uva  True
step  0
num of output nodes  196615
train time  0.7339298725128174
dataloader_time  0.38925981521606445
train_time_wo_loader  0.012770414352416992

Epoch 00015 | Loss 3.130306 
epoch  16
use_uva  True
step  0
num of output nodes  196615
train time  0.7340545654296875
dataloader_time  0.3892481327056885
train_time_wo_loader  0.01371622085571289

Epoch 00016 | Loss 3.024935 
epoch  17
use_uva  True
step  0
num of output nodes  196615
train time  0.733914852142334
dataloader_time  0.38934803009033203
train_time_wo_loader  0.013961315155029297

Epoch 00017 | Loss 2.931371 
epoch  18
use_uva  True
step  0
num of output nodes  196615
train time  0.7361314296722412
dataloader_time  0.3904697895050049
train_time_wo_loader  0.014089107513427734

Epoch 00018 | Loss 2.861407 
epoch  19
use_uva  True
step  0
num of output nodes  196615
train time  0.7341806888580322
dataloader_time  0.389176607131958
train_time_wo_loader  0.011163711547851562

Epoch 00019 | Loss 2.792052 

mean training time/epoch 0.7345046520233154
mean dataloader time/epoch 0.38969471454620364
mean exclude dataloader time/epoch 0.012537002563476562
