main start at this time 1735096796.6980715
-----------------------------------------before load data 
 Nvidia-smi: 0.3560791015625 GB
    Memory Allocated: 0.0  GigaBytes
Max Memory Allocated: 0.0  GigaBytes

ogbn-arxiv
# Nodes: 169343
# Edges: 2315598
# Train: 90941
# Val: 29799
# Test: 48603
# Classes: 40

-----------------------------------------after load data 
 Nvidia-smi: 0.3560791015625 GB
    Memory Allocated: 0.0  GigaBytes
Max Memory Allocated: 0.0  GigaBytes

in feats:  128
 Run 0| Epoch 0 |
 Run 0| Epoch 1 |
 Run 0| Epoch 2 |
 Run 0| Epoch 3 |
 Run 0| Epoch 4 |
-----------------------------------------after mini batch train 
 Nvidia-smi: 15.06201171875 GB
    Memory Allocated: 0.14602231979370117  GigaBytes
Max Memory Allocated: 13.643663883209229  GigaBytes

