main start at this time 1733035303.3670118
-----------------------------------------before load data 
 Nvidia-smi: 0.3560791015625 GB
    Memory Allocated: 0.0  GigaBytes
Max Memory Allocated: 0.0  GigaBytes

#nodes: 2449029
#edges: 123718024
#classes: 47
success----------------------------------------
# Nodes: 2400608
# Edges: 123718024
# Train: 196571
# Val: 39255
# Test: 2164782
# Classes: 47

----------------------------------------start of run function 
 Nvidia-smi: 0.3560791015625 GB
    Memory Allocated: 0.0  GigaBytes
Max Memory Allocated: 0.0  GigaBytes

in feats:  100
----------------------------------------before model to device 
 Nvidia-smi: 0.3560791015625 GB
    Memory Allocated: 0.0  GigaBytes
Max Memory Allocated: 0.0  GigaBytes

----------------------------------------after model to device
 Nvidia-smi: 0.51904296875 GB
    Memory Allocated: 0.000934600830078125  GigaBytes
Max Memory Allocated: 0.000934600830078125  GigaBytes

----------------------------------------before generate dataloader block 
 Nvidia-smi: 0.52099609375 GB
    Memory Allocated: 0.000934600830078125  GigaBytes
Max Memory Allocated: 0.000934600830078125  GigaBytes

REG start----................................
auxiliary_graph remove nodes with degree zero and non output nodes---
auxiliary_graph_no_diag---
Convert a graph into a bidirected graph: 3.436 seconds, peak memory: 23.889 GB
Construct multi-constraint weights: 0.000 seconds, peak memory: 23.889 GB
Metis partitioning: 12.846 seconds, peak memory: 25.065 GB
Split the graph: 4.076 seconds
Construct subgraphs: 0.409 seconds
REG metis partition end ----................................
REG construction  time spent:  74.76016736030579
pure dgl.metis_partition the time spent:  20.815507173538208

block_gen_time in "generate_blocks_for_one_layer_block"  8.388859033584595


block_gen_time in "generate_blocks_for_one_layer_block"  23.377628803253174

-----------------------------------------after block dataloader generation 
 Nvidia-smi: 0.52099609375 GB
    Memory Allocated: 0.000934600830078125  GigaBytes
Max Memory Allocated: 0.000934600830078125  GigaBytes

connection checking time:  18.291650533676147
block generation total time  31.76648783683777
average batch blocks generation time:  1.9854054898023605
block dataloader generation time/epoch 150.17681694030762
----------------------------------------before generate dataloader block 
 Nvidia-smi: 0.52099609375 GB
    Memory Allocated: 0.000934600830078125  GigaBytes
Max Memory Allocated: 0.000934600830078125  GigaBytes

REG start----................................
auxiliary_graph remove nodes with degree zero and non output nodes---
auxiliary_graph_no_diag---
Convert a graph into a bidirected graph: 3.476 seconds, peak memory: 26.777 GB
Construct multi-constraint weights: 0.000 seconds, peak memory: 26.777 GB
Metis partitioning: 13.306 seconds, peak memory: 27.903 GB
Split the graph: 3.828 seconds
Construct subgraphs: 0.461 seconds
REG metis partition end ----................................
REG construction  time spent:  73.41447019577026
pure dgl.metis_partition the time spent:  21.120344161987305

block_gen_time in "generate_blocks_for_one_layer_block"  8.063499927520752


block_gen_time in "generate_blocks_for_one_layer_block"  22.69022226333618

-----------------------------------------after block dataloader generation 
 Nvidia-smi: 0.52099609375 GB
    Memory Allocated: 0.000934600830078125  GigaBytes
Max Memory Allocated: 0.000934600830078125  GigaBytes

connection checking time:  18.87792658805847
block generation total time  30.753722190856934
average batch blocks generation time:  1.9221076369285583
block dataloader generation time/epoch 149.50158977508545
----------------------------------------before generate dataloader block 
 Nvidia-smi: 0.52099609375 GB
    Memory Allocated: 0.000934600830078125  GigaBytes
Max Memory Allocated: 0.000934600830078125  GigaBytes

REG start----................................
auxiliary_graph remove nodes with degree zero and non output nodes---
auxiliary_graph_no_diag---
Convert a graph into a bidirected graph: 3.375 seconds, peak memory: 28.948 GB
Construct multi-constraint weights: 0.000 seconds, peak memory: 28.948 GB
Metis partitioning: 12.172 seconds, peak memory: 28.948 GB
Split the graph: 3.803 seconds
Construct subgraphs: 0.028 seconds
REG metis partition end ----................................
REG construction  time spent:  73.18926239013672
pure dgl.metis_partition the time spent:  19.4252667427063

block_gen_time in "generate_blocks_for_one_layer_block"  6.470041513442993


block_gen_time in "generate_blocks_for_one_layer_block"  21.294734954833984

-----------------------------------------after block dataloader generation 
 Nvidia-smi: 0.52099609375 GB
    Memory Allocated: 0.000934600830078125  GigaBytes
Max Memory Allocated: 0.000934600830078125  GigaBytes

connection checking time:  17.01184844970703
block generation total time  27.764776468276978
average batch blocks generation time:  1.735298529267311
block dataloader generation time/epoch 146.9551317691803
----------------------------------------before generate dataloader block 
 Nvidia-smi: 0.52099609375 GB
    Memory Allocated: 0.000934600830078125  GigaBytes
Max Memory Allocated: 0.000934600830078125  GigaBytes

REG start----................................
auxiliary_graph remove nodes with degree zero and non output nodes---
auxiliary_graph_no_diag---
Convert a graph into a bidirected graph: 3.336 seconds, peak memory: 28.948 GB
Construct multi-constraint weights: 0.000 seconds, peak memory: 28.948 GB
Metis partitioning: 12.534 seconds, peak memory: 28.948 GB
Split the graph: 3.886 seconds
Construct subgraphs: 0.469 seconds
REG metis partition end ----................................
REG construction  time spent:  72.9934823513031
pure dgl.metis_partition the time spent:  20.27233052253723

block_gen_time in "generate_blocks_for_one_layer_block"  7.585606336593628


block_gen_time in "generate_blocks_for_one_layer_block"  23.08128261566162

-----------------------------------------after block dataloader generation 
 Nvidia-smi: 0.52099609375 GB
    Memory Allocated: 0.000934600830078125  GigaBytes
Max Memory Allocated: 0.000934600830078125  GigaBytes

connection checking time:  17.827531337738037
block generation total time  30.66688895225525
average batch blocks generation time:  1.916680559515953
block dataloader generation time/epoch 146.76965153217316
----------------------------------------before generate dataloader block 
 Nvidia-smi: 0.52099609375 GB
    Memory Allocated: 0.000934600830078125  GigaBytes
Max Memory Allocated: 0.000934600830078125  GigaBytes

REG start----................................
auxiliary_graph remove nodes with degree zero and non output nodes---
auxiliary_graph_no_diag---
Convert a graph into a bidirected graph: 3.306 seconds, peak memory: 29.077 GB
Construct multi-constraint weights: 0.000 seconds, peak memory: 29.077 GB
Metis partitioning: 12.233 seconds, peak memory: 29.077 GB
Split the graph: 3.809 seconds
Construct subgraphs: 0.560 seconds
REG metis partition end ----................................
REG construction  time spent:  69.1697027683258
pure dgl.metis_partition the time spent:  19.951993227005005

block_gen_time in "generate_blocks_for_one_layer_block"  7.329512119293213


block_gen_time in "generate_blocks_for_one_layer_block"  23.388710737228394

-----------------------------------------after block dataloader generation 
 Nvidia-smi: 0.52099609375 GB
    Memory Allocated: 0.000934600830078125  GigaBytes
Max Memory Allocated: 0.000934600830078125  GigaBytes

connection checking time:  19.417364358901978
block generation total time  30.718222856521606
average batch blocks generation time:  1.9198889285326004
block dataloader generation time/epoch 146.37019152641295
----------------------------------------before generate dataloader block 
 Nvidia-smi: 0.52099609375 GB
    Memory Allocated: 0.000934600830078125  GigaBytes
Max Memory Allocated: 0.000934600830078125  GigaBytes

REG start----................................
auxiliary_graph remove nodes with degree zero and non output nodes---
auxiliary_graph_no_diag---
Convert a graph into a bidirected graph: 3.336 seconds, peak memory: 29.360 GB
Construct multi-constraint weights: 0.000 seconds, peak memory: 29.360 GB
Metis partitioning: 12.702 seconds, peak memory: 29.360 GB
Split the graph: 3.579 seconds
Construct subgraphs: 1.052 seconds
REG metis partition end ----................................
REG construction  time spent:  72.40948057174683
pure dgl.metis_partition the time spent:  20.714308977127075

block_gen_time in "generate_blocks_for_one_layer_block"  7.677294731140137


block_gen_time in "generate_blocks_for_one_layer_block"  25.128326416015625

-----------------------------------------after block dataloader generation 
 Nvidia-smi: 0.52099609375 GB
    Memory Allocated: 0.000934600830078125  GigaBytes
Max Memory Allocated: 0.000934600830078125  GigaBytes

connection checking time:  18.810238361358643
block generation total time  32.80562114715576
average batch blocks generation time:  2.050351321697235
block dataloader generation time/epoch 146.886026263237
----------------------------------------before generate dataloader block 
 Nvidia-smi: 0.52099609375 GB
    Memory Allocated: 0.000934600830078125  GigaBytes
Max Memory Allocated: 0.000934600830078125  GigaBytes

REG start----................................
auxiliary_graph remove nodes with degree zero and non output nodes---
auxiliary_graph_no_diag---
Convert a graph into a bidirected graph: 3.321 seconds, peak memory: 29.360 GB
Construct multi-constraint weights: 0.000 seconds, peak memory: 29.360 GB
Metis partitioning: 12.194 seconds, peak memory: 29.360 GB
Split the graph: 4.559 seconds
Construct subgraphs: 0.867 seconds
REG metis partition end ----................................
REG construction  time spent:  69.80139112472534
pure dgl.metis_partition the time spent:  20.986751317977905

block_gen_time in "generate_blocks_for_one_layer_block"  7.114245414733887


block_gen_time in "generate_blocks_for_one_layer_block"  22.14043164253235

-----------------------------------------after block dataloader generation 
 Nvidia-smi: 0.52099609375 GB
    Memory Allocated: 0.000934600830078125  GigaBytes
Max Memory Allocated: 0.000934600830078125  GigaBytes

connection checking time:  17.18885612487793
block generation total time  29.254677057266235
average batch blocks generation time:  1.8284173160791397
block dataloader generation time/epoch 146.15109777450562
----------------------------------------before generate dataloader block 
 Nvidia-smi: 0.52099609375 GB
    Memory Allocated: 0.000934600830078125  GigaBytes
Max Memory Allocated: 0.000934600830078125  GigaBytes

REG start----................................
auxiliary_graph remove nodes with degree zero and non output nodes---
auxiliary_graph_no_diag---
Convert a graph into a bidirected graph: 3.444 seconds, peak memory: 29.360 GB
Construct multi-constraint weights: 0.000 seconds, peak memory: 29.360 GB
Metis partitioning: 12.213 seconds, peak memory: 29.360 GB
Split the graph: 3.469 seconds
Construct subgraphs: 0.427 seconds
REG metis partition end ----................................
REG construction  time spent:  68.98107647895813
pure dgl.metis_partition the time spent:  19.596625328063965

block_gen_time in "generate_blocks_for_one_layer_block"  6.558910369873047


block_gen_time in "generate_blocks_for_one_layer_block"  21.550074338912964

-----------------------------------------after block dataloader generation 
 Nvidia-smi: 0.52099609375 GB
    Memory Allocated: 0.000934600830078125  GigaBytes
Max Memory Allocated: 0.000934600830078125  GigaBytes

connection checking time:  16.950162887573242
block generation total time  28.10898470878601
average batch blocks generation time:  1.7568115442991257
block dataloader generation time/epoch 145.10718336701393
----------------------------------------before generate dataloader block 
 Nvidia-smi: 0.52099609375 GB
    Memory Allocated: 0.000934600830078125  GigaBytes
Max Memory Allocated: 0.000934600830078125  GigaBytes

REG start----................................
auxiliary_graph remove nodes with degree zero and non output nodes---
auxiliary_graph_no_diag---
Convert a graph into a bidirected graph: 3.408 seconds, peak memory: 29.440 GB
Construct multi-constraint weights: 0.000 seconds, peak memory: 29.440 GB
Metis partitioning: 12.260 seconds, peak memory: 29.440 GB
Split the graph: 3.925 seconds
Construct subgraphs: 0.426 seconds
REG metis partition end ----................................
REG construction  time spent:  68.83250999450684
pure dgl.metis_partition the time spent:  20.06320834159851

block_gen_time in "generate_blocks_for_one_layer_block"  6.617903709411621


block_gen_time in "generate_blocks_for_one_layer_block"  22.81184196472168

-----------------------------------------after block dataloader generation 
 Nvidia-smi: 0.52099609375 GB
    Memory Allocated: 0.000934600830078125  GigaBytes
Max Memory Allocated: 0.000934600830078125  GigaBytes

connection checking time:  17.30915331840515
block generation total time  29.4297456741333
average batch blocks generation time:  1.8393591046333313
block dataloader generation time/epoch 144.5285800298055
----------------------------------------before generate dataloader block 
 Nvidia-smi: 0.52099609375 GB
    Memory Allocated: 0.000934600830078125  GigaBytes
Max Memory Allocated: 0.000934600830078125  GigaBytes

REG start----................................
auxiliary_graph remove nodes with degree zero and non output nodes---
auxiliary_graph_no_diag---
Convert a graph into a bidirected graph: 3.304 seconds, peak memory: 29.450 GB
Construct multi-constraint weights: 0.000 seconds, peak memory: 29.450 GB
Metis partitioning: 12.139 seconds, peak memory: 29.450 GB
Split the graph: 3.569 seconds
Construct subgraphs: 0.442 seconds
REG metis partition end ----................................
REG construction  time spent:  69.4958565235138
pure dgl.metis_partition the time spent:  19.499220371246338

block_gen_time in "generate_blocks_for_one_layer_block"  6.432068586349487


block_gen_time in "generate_blocks_for_one_layer_block"  21.681881427764893

-----------------------------------------after block dataloader generation 
 Nvidia-smi: 0.52099609375 GB
    Memory Allocated: 0.000934600830078125  GigaBytes
Max Memory Allocated: 0.000934600830078125  GigaBytes

connection check (sec) :  16.630513429641724
block construction (sec) :  28.11395001411438
average batch blocks generation time:  1.7571218758821487
block dataloader generation time/epoch 143.86736059188843
