main start at this time 1735095494.1874156
-----------------------------------------before load data 
 Nvidia-smi: 0.3560791015625 GB
    Memory Allocated: 0.0  GigaBytes
Max Memory Allocated: 0.0  GigaBytes

#nodes: 2449029
#edges: 123718024
#classes: 47
success----------------------------------------
# Nodes: 2400608
# Edges: 123718024
# Train: 196571
# Val: 39255
# Test: 2164782
# Classes: 47

-----------------------------------------after load data 
 Nvidia-smi: 0.3560791015625 GB
    Memory Allocated: 0.0  GigaBytes
Max Memory Allocated: 0.0  GigaBytes

in feats:  100
 Run 0| Epoch 0 |
 Run 0| Epoch 1 |
 Run 0| Epoch 2 |
 Run 0| Epoch 3 |
 Run 0| Epoch 4 |
-----------------------------------------after mini batch train 
 Nvidia-smi: 11.83935546875 GB
    Memory Allocated: 0.9858136177062988  GigaBytes
Max Memory Allocated: 8.905606269836426  GigaBytes

