main start at this time 1733034075.4178822
-----------------------------------------before load data 
 Nvidia-smi: 0.3560791015625 GB
    Memory Allocated: 0.0  GigaBytes
Max Memory Allocated: 0.0  GigaBytes

#nodes: 2449029
#edges: 123718024
#classes: 47
success----------------------------------------
# Nodes: 2400608
# Edges: 123718024
# Train: 196571
# Val: 39255
# Test: 2164782
# Classes: 47

----------------------------------------start of run function 
 Nvidia-smi: 0.3560791015625 GB
    Memory Allocated: 0.0  GigaBytes
Max Memory Allocated: 0.0  GigaBytes

epoch  0
the output layer 
self.num_batch (get_in_degree_bucketing) 16
get_in_degree_bucketing dst global nid length 196571
len(bkt)  173
len(bkt)  221
len(bkt)  374
len(bkt)  456
len(bkt)  445
len(bkt)  550
len(bkt)  655
len(bkt)  512
len(bkt)  576
len(bkt)  640
len(bkt)  624
len(bkt)  583
len(bkt)  615
len(bkt)  695
len(bkt)  673
len(bkt)  614
len(bkt)  556
len(bkt)  604
len(bkt)  584
len(bkt)  572
len(bkt)  586
len(bkt)  592
len(bkt)  648
len(bkt)  645
len(bkt)  183378
total indegree bucketing result ,  196571
the number of total output nodes match :) 
local nids of zero in-degree  []
bucket partitioner: bkt_dst_nodes_list_local length  25
---||-----||-----||-----||-----||-----||-----||-----||-----||-----||-----||-----||-----||-----||-----||-----||-----||-----||-----||-----||--
self.num_batch,  16
type of fanout_dst_nids  <class 'torch.Tensor'>
sum(estimated_mem)
27.023624836713726
24
the last batch value is  1028
G_BUCKET_ID_list [[22], [6, 5, 3, 1], [21, 0], [23], [13, 9], [14, 7, 2], [10, 8, 4], [20], [18], [19], [16], [17], [15], [12], [11]]
G_BUCKET_ID_list length 15
backpack scheduling spend  0.12447881698608398
len(g_bucket_nids_list)  15
len(local_split_batches_nid_list)  16
current group_mem  2.232189497508864
current group_mem  1.3068242388952873
current group_mem  2.2282285622209037
current group_mem  2.223171411479282
current group_mem  2.2199646769036976
current group_mem  2.2155376024494022
current group_mem  2.1752215580623586
current group_mem  1.920127067184496
current group_mem  1.793769060001223
current group_mem  1.6766132844613435
current group_mem  1.6565154083265854
current group_mem  1.5991467489715145
current group_mem  1.4645761989081698
current group_mem  1.2832128918560093
current group_mem  1.0285266294845892
batches output list generation spend  0.00034236907958984375
self.weights_list  [0.06160623896709077, 0.06788386893285378, 0.06220144375314772, 0.06159097730590982, 0.06510115937752771, 0.06624069674570511, 0.06667819769955893, 0.06129083130268453, 0.06128065686189723, 0.06121961021717344, 0.061138214690875055, 0.06138240126977021, 0.0614332734737067, 0.06143836069410035, 0.06127556964150358, 0.05823849906649506]
bkt_dst_nodes_list = self.get_in_degree_bucketing() spend:  0.009604930877685547
self.gen_batches_seeds_list(bkt_dst_nodes_list_local) spend  0.12502837181091309
self.has_zero_indegree_seeds  False
num_output  196571
self.output_nids  196571
output nodes length match
global output equals  True
partition total batch output list spend :  3.465500593185425
self.buckets_partition() spend  sec:  0.13464975357055664
epoch  1
the output layer 
self.num_batch (get_in_degree_bucketing) 16
get_in_degree_bucketing dst global nid length 196571
len(bkt)  173
len(bkt)  221
len(bkt)  374
len(bkt)  456
len(bkt)  445
len(bkt)  550
len(bkt)  655
len(bkt)  512
len(bkt)  576
len(bkt)  640
len(bkt)  624
len(bkt)  583
len(bkt)  615
len(bkt)  695
len(bkt)  673
len(bkt)  614
len(bkt)  556
len(bkt)  604
len(bkt)  584
len(bkt)  572
len(bkt)  586
len(bkt)  592
len(bkt)  648
len(bkt)  645
len(bkt)  183378
total indegree bucketing result ,  196571
the number of total output nodes match :) 
local nids of zero in-degree  []
bucket partitioner: bkt_dst_nodes_list_local length  25
---||-----||-----||-----||-----||-----||-----||-----||-----||-----||-----||-----||-----||-----||-----||-----||-----||-----||-----||-----||--
self.num_batch,  16
type of fanout_dst_nids  <class 'torch.Tensor'>
sum(estimated_mem)
27.023624836713726
24
the last batch value is  1028
G_BUCKET_ID_list [[22], [6, 5, 3, 1], [21, 0], [23], [13, 9], [14, 7, 2], [10, 8, 4], [20], [18], [19], [16], [17], [15], [12], [11]]
G_BUCKET_ID_list length 15
backpack scheduling spend  0.1255347728729248
len(g_bucket_nids_list)  15
len(local_split_batches_nid_list)  16
current group_mem  2.232189497508864
current group_mem  1.3068242388952873
current group_mem  2.2282285622209037
current group_mem  2.223171411479282
current group_mem  2.2199646769036976
current group_mem  2.2155376024494022
current group_mem  2.1752215580623586
current group_mem  1.920127067184496
current group_mem  1.793769060001223
current group_mem  1.6766132844613435
current group_mem  1.6565154083265854
current group_mem  1.5991467489715145
current group_mem  1.4645761989081698
current group_mem  1.2832128918560093
current group_mem  1.0285266294845892
batches output list generation spend  0.0004863739013671875
self.weights_list  [0.06160623896709077, 0.06788386893285378, 0.06220144375314772, 0.06159097730590982, 0.06510115937752771, 0.06624069674570511, 0.06667819769955893, 0.06129083130268453, 0.06128065686189723, 0.06121961021717344, 0.061138214690875055, 0.06138240126977021, 0.0614332734737067, 0.06143836069410035, 0.06127556964150358, 0.05823849906649506]
bkt_dst_nodes_list = self.get_in_degree_bucketing() spend:  0.010111570358276367
self.gen_batches_seeds_list(bkt_dst_nodes_list_local) spend  0.12616705894470215
self.has_zero_indegree_seeds  False
num_output  196571
self.output_nids  196571
output nodes length match
global output equals  True
partition total batch output list spend :  3.3970465660095215
self.buckets_partition() spend  sec:  0.1362931728363037
epoch  2
the output layer 
self.num_batch (get_in_degree_bucketing) 16
get_in_degree_bucketing dst global nid length 196571
len(bkt)  173
len(bkt)  221
len(bkt)  374
len(bkt)  456
len(bkt)  445
len(bkt)  550
len(bkt)  655
len(bkt)  512
len(bkt)  576
len(bkt)  640
len(bkt)  624
len(bkt)  583
len(bkt)  615
len(bkt)  695
len(bkt)  673
len(bkt)  614
len(bkt)  556
len(bkt)  604
len(bkt)  584
len(bkt)  572
len(bkt)  586
len(bkt)  592
len(bkt)  648
len(bkt)  645
len(bkt)  183378
total indegree bucketing result ,  196571
the number of total output nodes match :) 
local nids of zero in-degree  []
bucket partitioner: bkt_dst_nodes_list_local length  25
---||-----||-----||-----||-----||-----||-----||-----||-----||-----||-----||-----||-----||-----||-----||-----||-----||-----||-----||-----||--
self.num_batch,  16
type of fanout_dst_nids  <class 'torch.Tensor'>
sum(estimated_mem)
27.023624836713726
24
the last batch value is  1028
G_BUCKET_ID_list [[22], [6, 5, 3, 1], [21, 0], [23], [13, 9], [14, 7, 2], [10, 8, 4], [20], [18], [19], [16], [17], [15], [12], [11]]
G_BUCKET_ID_list length 15
backpack scheduling spend  0.12464690208435059
len(g_bucket_nids_list)  15
len(local_split_batches_nid_list)  16
current group_mem  2.232189497508864
current group_mem  1.3068242388952873
current group_mem  2.2282285622209037
current group_mem  2.223171411479282
current group_mem  2.2199646769036976
current group_mem  2.2155376024494022
current group_mem  2.1752215580623586
current group_mem  1.920127067184496
current group_mem  1.793769060001223
current group_mem  1.6766132844613435
current group_mem  1.6565154083265854
current group_mem  1.5991467489715145
current group_mem  1.4645761989081698
current group_mem  1.2832128918560093
current group_mem  1.0285266294845892
batches output list generation spend  0.0004363059997558594
self.weights_list  [0.06160623896709077, 0.06788386893285378, 0.06220144375314772, 0.06159097730590982, 0.06510115937752771, 0.06624069674570511, 0.06667819769955893, 0.06129083130268453, 0.06128065686189723, 0.06121961021717344, 0.061138214690875055, 0.06138240126977021, 0.0614332734737067, 0.06143836069410035, 0.06127556964150358, 0.05823849906649506]
bkt_dst_nodes_list = self.get_in_degree_bucketing() spend:  0.009245872497558594
self.gen_batches_seeds_list(bkt_dst_nodes_list_local) spend  0.12521862983703613
self.has_zero_indegree_seeds  False
num_output  196571
self.output_nids  196571
output nodes length match
global output equals  True
partition total batch output list spend :  3.382873296737671
self.buckets_partition() spend  sec:  0.13448071479797363
epoch  3
the output layer 
self.num_batch (get_in_degree_bucketing) 16
get_in_degree_bucketing dst global nid length 196571
len(bkt)  173
len(bkt)  221
len(bkt)  374
len(bkt)  456
len(bkt)  445
len(bkt)  550
len(bkt)  655
len(bkt)  512
len(bkt)  576
len(bkt)  640
len(bkt)  624
len(bkt)  583
len(bkt)  615
len(bkt)  695
len(bkt)  673
len(bkt)  614
len(bkt)  556
len(bkt)  604
len(bkt)  584
len(bkt)  572
len(bkt)  586
len(bkt)  592
len(bkt)  648
len(bkt)  645
len(bkt)  183378
total indegree bucketing result ,  196571
the number of total output nodes match :) 
local nids of zero in-degree  []
bucket partitioner: bkt_dst_nodes_list_local length  25
---||-----||-----||-----||-----||-----||-----||-----||-----||-----||-----||-----||-----||-----||-----||-----||-----||-----||-----||-----||--
self.num_batch,  16
type of fanout_dst_nids  <class 'torch.Tensor'>
sum(estimated_mem)
27.023624836713726
24
the last batch value is  1028
G_BUCKET_ID_list [[22], [6, 5, 3, 1], [21, 0], [23], [13, 9], [14, 7, 2], [10, 8, 4], [20], [18], [19], [16], [17], [15], [12], [11]]
G_BUCKET_ID_list length 15
backpack scheduling spend  0.12575936317443848
len(g_bucket_nids_list)  15
len(local_split_batches_nid_list)  16
current group_mem  2.232189497508864
current group_mem  1.3068242388952873
current group_mem  2.2282285622209037
current group_mem  2.223171411479282
current group_mem  2.2199646769036976
current group_mem  2.2155376024494022
current group_mem  2.1752215580623586
current group_mem  1.920127067184496
current group_mem  1.793769060001223
current group_mem  1.6766132844613435
current group_mem  1.6565154083265854
current group_mem  1.5991467489715145
current group_mem  1.4645761989081698
current group_mem  1.2832128918560093
current group_mem  1.0285266294845892
batches output list generation spend  0.0006954669952392578
self.weights_list  [0.06160623896709077, 0.06788386893285378, 0.06220144375314772, 0.06159097730590982, 0.06510115937752771, 0.06624069674570511, 0.06667819769955893, 0.06129083130268453, 0.06128065686189723, 0.06121961021717344, 0.061138214690875055, 0.06138240126977021, 0.0614332734737067, 0.06143836069410035, 0.06127556964150358, 0.05823849906649506]
bkt_dst_nodes_list = self.get_in_degree_bucketing() spend:  0.009708404541015625
self.gen_batches_seeds_list(bkt_dst_nodes_list_local) spend  0.12665200233459473
self.has_zero_indegree_seeds  False
num_output  196571
self.output_nids  196571
output nodes length match
global output equals  True
partition total batch output list spend :  3.3950207233428955
self.buckets_partition() spend  sec:  0.13637971878051758
epoch  4
the output layer 
self.num_batch (get_in_degree_bucketing) 16
get_in_degree_bucketing dst global nid length 196571
len(bkt)  173
len(bkt)  221
len(bkt)  374
len(bkt)  456
len(bkt)  445
len(bkt)  550
len(bkt)  655
len(bkt)  512
len(bkt)  576
len(bkt)  640
len(bkt)  624
len(bkt)  583
len(bkt)  615
len(bkt)  695
len(bkt)  673
len(bkt)  614
len(bkt)  556
len(bkt)  604
len(bkt)  584
len(bkt)  572
len(bkt)  586
len(bkt)  592
len(bkt)  648
len(bkt)  645
len(bkt)  183378
total indegree bucketing result ,  196571
the number of total output nodes match :) 
local nids of zero in-degree  []
bucket partitioner: bkt_dst_nodes_list_local length  25
---||-----||-----||-----||-----||-----||-----||-----||-----||-----||-----||-----||-----||-----||-----||-----||-----||-----||-----||-----||--
self.num_batch,  16
type of fanout_dst_nids  <class 'torch.Tensor'>
sum(estimated_mem)
27.023624836713726
24
the last batch value is  1028
G_BUCKET_ID_list [[22], [6, 5, 3, 1], [21, 0], [23], [13, 9], [14, 7, 2], [10, 8, 4], [20], [18], [19], [16], [17], [15], [12], [11]]
G_BUCKET_ID_list length 15
backpack scheduling spend  0.12552595138549805
len(g_bucket_nids_list)  15
len(local_split_batches_nid_list)  16
current group_mem  2.232189497508864
current group_mem  1.3068242388952873
current group_mem  2.2282285622209037
current group_mem  2.223171411479282
current group_mem  2.2199646769036976
current group_mem  2.2155376024494022
current group_mem  2.1752215580623586
current group_mem  1.920127067184496
current group_mem  1.793769060001223
current group_mem  1.6766132844613435
current group_mem  1.6565154083265854
current group_mem  1.5991467489715145
current group_mem  1.4645761989081698
current group_mem  1.2832128918560093
current group_mem  1.0285266294845892
batches output list generation spend  0.0008356571197509766
self.weights_list  [0.06160623896709077, 0.06788386893285378, 0.06220144375314772, 0.06159097730590982, 0.06510115937752771, 0.06624069674570511, 0.06667819769955893, 0.06129083130268453, 0.06128065686189723, 0.06121961021717344, 0.061138214690875055, 0.06138240126977021, 0.0614332734737067, 0.06143836069410035, 0.06127556964150358, 0.05823849906649506]
bkt_dst_nodes_list = self.get_in_degree_bucketing() spend:  0.010817527770996094
self.gen_batches_seeds_list(bkt_dst_nodes_list_local) spend  0.12650775909423828
self.has_zero_indegree_seeds  False
num_output  196571
self.output_nids  196571
output nodes length match
global output equals  True
partition total batch output list spend :  3.4107327461242676
self.buckets_partition() spend  sec:  0.13734149932861328
epoch  5
the output layer 
self.num_batch (get_in_degree_bucketing) 16
get_in_degree_bucketing dst global nid length 196571
len(bkt)  173
len(bkt)  221
len(bkt)  374
len(bkt)  456
len(bkt)  445
len(bkt)  550
len(bkt)  655
len(bkt)  512
len(bkt)  576
len(bkt)  640
len(bkt)  624
len(bkt)  583
len(bkt)  615
len(bkt)  695
len(bkt)  673
len(bkt)  614
len(bkt)  556
len(bkt)  604
len(bkt)  584
len(bkt)  572
len(bkt)  586
len(bkt)  592
len(bkt)  648
len(bkt)  645
len(bkt)  183378
total indegree bucketing result ,  196571
the number of total output nodes match :) 
local nids of zero in-degree  []
bucket partitioner: bkt_dst_nodes_list_local length  25
---||-----||-----||-----||-----||-----||-----||-----||-----||-----||-----||-----||-----||-----||-----||-----||-----||-----||-----||-----||--
self.num_batch,  16
type of fanout_dst_nids  <class 'torch.Tensor'>
sum(estimated_mem)
27.023624836713726
24
the last batch value is  1028
G_BUCKET_ID_list [[22], [6, 5, 3, 1], [21, 0], [23], [13, 9], [14, 7, 2], [10, 8, 4], [20], [18], [19], [16], [17], [15], [12], [11]]
G_BUCKET_ID_list length 15
backpack scheduling spend  0.12594008445739746
len(g_bucket_nids_list)  15
len(local_split_batches_nid_list)  16
current group_mem  2.232189497508864
current group_mem  1.3068242388952873
current group_mem  2.2282285622209037
current group_mem  2.223171411479282
current group_mem  2.2199646769036976
current group_mem  2.2155376024494022
current group_mem  2.1752215580623586
current group_mem  1.920127067184496
current group_mem  1.793769060001223
current group_mem  1.6766132844613435
current group_mem  1.6565154083265854
current group_mem  1.5991467489715145
current group_mem  1.4645761989081698
current group_mem  1.2832128918560093
current group_mem  1.0285266294845892
batches output list generation spend  0.0005269050598144531
self.weights_list  [0.06160623896709077, 0.06788386893285378, 0.06220144375314772, 0.06159097730590982, 0.06510115937752771, 0.06624069674570511, 0.06667819769955893, 0.06129083130268453, 0.06128065686189723, 0.06121961021717344, 0.061138214690875055, 0.06138240126977021, 0.0614332734737067, 0.06143836069410035, 0.06127556964150358, 0.05823849906649506]
bkt_dst_nodes_list = self.get_in_degree_bucketing() spend:  0.010718107223510742
self.gen_batches_seeds_list(bkt_dst_nodes_list_local) spend  0.12662005424499512
self.has_zero_indegree_seeds  False
num_output  196571
self.output_nids  196571
output nodes length match
global output equals  True
partition total batch output list spend :  3.403200387954712
self.buckets_partition() spend  sec:  0.1373591423034668
epoch  6
the output layer 
self.num_batch (get_in_degree_bucketing) 16
get_in_degree_bucketing dst global nid length 196571
len(bkt)  173
len(bkt)  221
len(bkt)  374
len(bkt)  456
len(bkt)  445
len(bkt)  550
len(bkt)  655
len(bkt)  512
len(bkt)  576
len(bkt)  640
len(bkt)  624
len(bkt)  583
len(bkt)  615
len(bkt)  695
len(bkt)  673
len(bkt)  614
len(bkt)  556
len(bkt)  604
len(bkt)  584
len(bkt)  572
len(bkt)  586
len(bkt)  592
len(bkt)  648
len(bkt)  645
len(bkt)  183378
total indegree bucketing result ,  196571
the number of total output nodes match :) 
local nids of zero in-degree  []
bucket partitioner: bkt_dst_nodes_list_local length  25
---||-----||-----||-----||-----||-----||-----||-----||-----||-----||-----||-----||-----||-----||-----||-----||-----||-----||-----||-----||--
self.num_batch,  16
type of fanout_dst_nids  <class 'torch.Tensor'>
sum(estimated_mem)
27.023624836713726
24
the last batch value is  1028
G_BUCKET_ID_list [[22], [6, 5, 3, 1], [21, 0], [23], [13, 9], [14, 7, 2], [10, 8, 4], [20], [18], [19], [16], [17], [15], [12], [11]]
G_BUCKET_ID_list length 15
backpack scheduling spend  0.13434624671936035
len(g_bucket_nids_list)  15
len(local_split_batches_nid_list)  16
current group_mem  2.232189497508864
current group_mem  1.3068242388952873
current group_mem  2.2282285622209037
current group_mem  2.223171411479282
current group_mem  2.2199646769036976
current group_mem  2.2155376024494022
current group_mem  2.1752215580623586
current group_mem  1.920127067184496
current group_mem  1.793769060001223
current group_mem  1.6766132844613435
current group_mem  1.6565154083265854
current group_mem  1.5991467489715145
current group_mem  1.4645761989081698
current group_mem  1.2832128918560093
current group_mem  1.0285266294845892
batches output list generation spend  0.0008919239044189453
self.weights_list  [0.06160623896709077, 0.06788386893285378, 0.06220144375314772, 0.06159097730590982, 0.06510115937752771, 0.06624069674570511, 0.06667819769955893, 0.06129083130268453, 0.06128065686189723, 0.06121961021717344, 0.061138214690875055, 0.06138240126977021, 0.0614332734737067, 0.06143836069410035, 0.06127556964150358, 0.05823849906649506]
bkt_dst_nodes_list = self.get_in_degree_bucketing() spend:  0.012191295623779297
self.gen_batches_seeds_list(bkt_dst_nodes_list_local) spend  0.13547348976135254
self.has_zero_indegree_seeds  False
num_output  196571
self.output_nids  196571
output nodes length match
global output equals  True
partition total batch output list spend :  3.66987943649292
self.buckets_partition() spend  sec:  0.14769577980041504
epoch  7
the output layer 
self.num_batch (get_in_degree_bucketing) 16
get_in_degree_bucketing dst global nid length 196571
len(bkt)  173
len(bkt)  221
len(bkt)  374
len(bkt)  456
len(bkt)  445
len(bkt)  550
len(bkt)  655
len(bkt)  512
len(bkt)  576
len(bkt)  640
len(bkt)  624
len(bkt)  583
len(bkt)  615
len(bkt)  695
len(bkt)  673
len(bkt)  614
len(bkt)  556
len(bkt)  604
len(bkt)  584
len(bkt)  572
len(bkt)  586
len(bkt)  592
len(bkt)  648
len(bkt)  645
len(bkt)  183378
total indegree bucketing result ,  196571
the number of total output nodes match :) 
local nids of zero in-degree  []
bucket partitioner: bkt_dst_nodes_list_local length  25
---||-----||-----||-----||-----||-----||-----||-----||-----||-----||-----||-----||-----||-----||-----||-----||-----||-----||-----||-----||--
self.num_batch,  16
type of fanout_dst_nids  <class 'torch.Tensor'>
sum(estimated_mem)
27.023624836713726
24
the last batch value is  1028
G_BUCKET_ID_list [[22], [6, 5, 3, 1], [21, 0], [23], [13, 9], [14, 7, 2], [10, 8, 4], [20], [18], [19], [16], [17], [15], [12], [11]]
G_BUCKET_ID_list length 15
backpack scheduling spend  0.30194759368896484
len(g_bucket_nids_list)  15
len(local_split_batches_nid_list)  16
current group_mem  2.232189497508864
current group_mem  1.3068242388952873
current group_mem  2.2282285622209037
current group_mem  2.223171411479282
current group_mem  2.2199646769036976
current group_mem  2.2155376024494022
current group_mem  2.1752215580623586
current group_mem  1.920127067184496
current group_mem  1.793769060001223
current group_mem  1.6766132844613435
current group_mem  1.6565154083265854
current group_mem  1.5991467489715145
current group_mem  1.4645761989081698
current group_mem  1.2832128918560093
current group_mem  1.0285266294845892
batches output list generation spend  0.0009286403656005859
self.weights_list  [0.06160623896709077, 0.06788386893285378, 0.06220144375314772, 0.06159097730590982, 0.06510115937752771, 0.06624069674570511, 0.06667819769955893, 0.06129083130268453, 0.06128065686189723, 0.06121961021717344, 0.061138214690875055, 0.06138240126977021, 0.0614332734737067, 0.06143836069410035, 0.06127556964150358, 0.05823849906649506]
bkt_dst_nodes_list = self.get_in_degree_bucketing() spend:  0.011585235595703125
self.gen_batches_seeds_list(bkt_dst_nodes_list_local) spend  0.30304384231567383
self.has_zero_indegree_seeds  False
num_output  196571
self.output_nids  196571
output nodes length match
global output equals  True
partition total batch output list spend :  3.6299684047698975
self.buckets_partition() spend  sec:  0.3146486282348633
epoch  8
the output layer 
self.num_batch (get_in_degree_bucketing) 16
get_in_degree_bucketing dst global nid length 196571
len(bkt)  173
len(bkt)  221
len(bkt)  374
len(bkt)  456
len(bkt)  445
len(bkt)  550
len(bkt)  655
len(bkt)  512
len(bkt)  576
len(bkt)  640
len(bkt)  624
len(bkt)  583
len(bkt)  615
len(bkt)  695
len(bkt)  673
len(bkt)  614
len(bkt)  556
len(bkt)  604
len(bkt)  584
len(bkt)  572
len(bkt)  586
len(bkt)  592
len(bkt)  648
len(bkt)  645
len(bkt)  183378
total indegree bucketing result ,  196571
the number of total output nodes match :) 
local nids of zero in-degree  []
bucket partitioner: bkt_dst_nodes_list_local length  25
---||-----||-----||-----||-----||-----||-----||-----||-----||-----||-----||-----||-----||-----||-----||-----||-----||-----||-----||-----||--
self.num_batch,  16
type of fanout_dst_nids  <class 'torch.Tensor'>
sum(estimated_mem)
27.023624836713726
24
the last batch value is  1028
G_BUCKET_ID_list [[22], [6, 5, 3, 1], [21, 0], [23], [13, 9], [14, 7, 2], [10, 8, 4], [20], [18], [19], [16], [17], [15], [12], [11]]
G_BUCKET_ID_list length 15
backpack scheduling spend  0.11730432510375977
len(g_bucket_nids_list)  15
len(local_split_batches_nid_list)  16
current group_mem  2.232189497508864
current group_mem  1.3068242388952873
current group_mem  2.2282285622209037
current group_mem  2.223171411479282
current group_mem  2.2199646769036976
current group_mem  2.2155376024494022
current group_mem  2.1752215580623586
current group_mem  1.920127067184496
current group_mem  1.793769060001223
current group_mem  1.6766132844613435
current group_mem  1.6565154083265854
current group_mem  1.5991467489715145
current group_mem  1.4645761989081698
current group_mem  1.2832128918560093
current group_mem  1.0285266294845892
batches output list generation spend  0.0008389949798583984
self.weights_list  [0.06160623896709077, 0.06788386893285378, 0.06220144375314772, 0.06159097730590982, 0.06510115937752771, 0.06624069674570511, 0.06667819769955893, 0.06129083130268453, 0.06128065686189723, 0.06121961021717344, 0.061138214690875055, 0.06138240126977021, 0.0614332734737067, 0.06143836069410035, 0.06127556964150358, 0.05823849906649506]
bkt_dst_nodes_list = self.get_in_degree_bucketing() spend:  0.011235237121582031
self.gen_batches_seeds_list(bkt_dst_nodes_list_local) spend  0.1183159351348877
self.has_zero_indegree_seeds  False
num_output  196571
self.output_nids  196571
output nodes length match
global output equals  True
partition total batch output list spend :  3.4647390842437744
self.buckets_partition() spend  sec:  0.12956905364990234
epoch  9
the output layer 
self.num_batch (get_in_degree_bucketing) 16
get_in_degree_bucketing dst global nid length 196571
len(bkt)  173
len(bkt)  221
len(bkt)  374
len(bkt)  456
len(bkt)  445
len(bkt)  550
len(bkt)  655
len(bkt)  512
len(bkt)  576
len(bkt)  640
len(bkt)  624
len(bkt)  583
len(bkt)  615
len(bkt)  695
len(bkt)  673
len(bkt)  614
len(bkt)  556
len(bkt)  604
len(bkt)  584
len(bkt)  572
len(bkt)  586
len(bkt)  592
len(bkt)  648
len(bkt)  645
len(bkt)  183378
total indegree bucketing result ,  196571
the number of total output nodes match :) 
local nids of zero in-degree  []
bucket partitioner: bkt_dst_nodes_list_local length  25
---||-----||-----||-----||-----||-----||-----||-----||-----||-----||-----||-----||-----||-----||-----||-----||-----||-----||-----||-----||--
self.num_batch,  16
type of fanout_dst_nids  <class 'torch.Tensor'>
sum(estimated_mem)
27.023624836713726
24
the last batch value is  1028
G_BUCKET_ID_list [[22], [6, 5, 3, 1], [21, 0], [23], [13, 9], [14, 7, 2], [10, 8, 4], [20], [18], [19], [16], [17], [15], [12], [11]]
G_BUCKET_ID_list length 15
backpack scheduling spend  0.12415862083435059
len(g_bucket_nids_list)  15
len(local_split_batches_nid_list)  16
current group_mem  2.232189497508864
current group_mem  1.3068242388952873
current group_mem  2.2282285622209037
current group_mem  2.223171411479282
current group_mem  2.2199646769036976
current group_mem  2.2155376024494022
current group_mem  2.1752215580623586
current group_mem  1.920127067184496
current group_mem  1.793769060001223
current group_mem  1.6766132844613435
current group_mem  1.6565154083265854
current group_mem  1.5991467489715145
current group_mem  1.4645761989081698
current group_mem  1.2832128918560093
current group_mem  1.0285266294845892
batches output list generation spend  0.00048613548278808594
self.weights_list  [0.06160623896709077, 0.06788386893285378, 0.06220144375314772, 0.06159097730590982, 0.06510115937752771, 0.06624069674570511, 0.06667819769955893, 0.06129083130268453, 0.06128065686189723, 0.06121961021717344, 0.061138214690875055, 0.06138240126977021, 0.0614332734737067, 0.06143836069410035, 0.06127556964150358, 0.05823849906649506]
bkt_dst_nodes_list = self.get_in_degree_bucketing() spend:  0.010009527206420898
self.gen_batches_seeds_list(bkt_dst_nodes_list_local) spend  0.1248331069946289
self.has_zero_indegree_seeds  False
num_output  196571
self.output_nids  196571
output nodes length match
global output equals  True
partition total batch output list spend :  3.611945629119873
self.buckets_partition() spend  sec:  0.13486123085021973
 data loader gen time  [16.612186431884766, 16.700823545455933, 15.659668445587158, 14.812448024749756, 14.262877702713013, 15.569045305252075, 15.92997670173645, 15.907185792922974, 15.658683776855469, 15.845577478408813]
	---backpack schedule time  [3.5530552864074707, 3.4856369495391846, 3.4518191814422607, 3.481436014175415, 3.4852499961853027, 3.487048387527466, 3.7515342235565186, 3.696850538253784, 3.543652296066284, 3.6905856132507324]
	---connection_check_time_list  [8.051655054092407, 8.315721988677979, 7.413133144378662, 6.822693109512329, 6.717041254043579, 7.354704856872559, 7.292676210403442, 7.370684862136841, 7.230709552764893, 7.207601547241211]
	---block_gen_time_list  [4.275999307632446, 4.19946813583374, 4.1148107051849365, 3.8390321731567383, 3.3756096363067627, 4.046307325363159, 4.185146331787109, 4.141282558441162, 4.174001932144165, 4.239535570144653]
 
data loader gen time avg 15.528891126314798
	---backpack schedule time avg 3.6091535091400146
	---connection_check_time avg  7.19556971391042
	---block_gen_time avg  4.026980559031169
