main start at this time 1733034335.374417
-----------------------------------------before load data 
 Nvidia-smi: 0.3560791015625 GB
    Memory Allocated: 0.0  GigaBytes
Max Memory Allocated: 0.0  GigaBytes

#nodes: 2449029
#edges: 123718024
#classes: 47
success----------------------------------------
# Nodes: 2400608
# Edges: 123718024
# Train: 196571
# Val: 39255
# Test: 2164782
# Classes: 47

----------------------------------------start of run function 
 Nvidia-smi: 0.3560791015625 GB
    Memory Allocated: 0.0  GigaBytes
Max Memory Allocated: 0.0  GigaBytes

epoch  0
the output layer 
self.num_batch (get_in_degree_bucketing) 24
get_in_degree_bucketing dst global nid length 196571
len(bkt)  173
len(bkt)  221
len(bkt)  374
len(bkt)  456
len(bkt)  445
len(bkt)  550
len(bkt)  655
len(bkt)  512
len(bkt)  576
len(bkt)  640
len(bkt)  624
len(bkt)  583
len(bkt)  615
len(bkt)  695
len(bkt)  673
len(bkt)  614
len(bkt)  556
len(bkt)  604
len(bkt)  584
len(bkt)  572
len(bkt)  586
len(bkt)  592
len(bkt)  648
len(bkt)  645
len(bkt)  183378
total indegree bucketing result ,  196571
the number of total output nodes match :) 
local nids of zero in-degree  []
bucket partitioner: bkt_dst_nodes_list_local length  25
---||-----||-----||-----||-----||-----||-----||-----||-----||-----||-----||-----||-----||-----||-----||-----||-----||-----||-----||-----||--
self.num_batch,  24
type of fanout_dst_nids  <class 'torch.Tensor'>
sum(estimated_mem)
27.023624836713726
24
the last batch value is  1028
G_BUCKET_ID_list [[22], [6, 5, 3, 1], [21, 0], [23], [13, 9], [14, 7, 2], [10, 8, 4], [20], [18], [19], [16], [17], [15], [12], [11]]
G_BUCKET_ID_list length 15
backpack scheduling spend  0.11606955528259277
len(g_bucket_nids_list)  15
len(local_split_batches_nid_list)  24
current group_mem  2.232189497508864
current group_mem  1.3068242388952873
current group_mem  2.2282285622209037
current group_mem  2.223171411479282
current group_mem  2.2199646769036976
current group_mem  2.2155376024494022
current group_mem  2.1752215580623586
current group_mem  1.920127067184496
current group_mem  1.793769060001223
current group_mem  1.6766132844613435
current group_mem  1.6565154083265854
current group_mem  1.5991467489715145
current group_mem  1.4645761989081698
current group_mem  1.2832128918560093
current group_mem  1.0285266294845892
batches output list generation spend  0.00034809112548828125
self.weights_list  [0.04216796984295751, 0.04844559980872051, 0.04276317462901445, 0.042152708181776556, 0.04566289025339445, 0.04680242762157185, 0.04723992857542567, 0.04185256217855126, 0.04184238773776396, 0.04178134109304017, 0.04169994556674179, 0.04194413214563694, 0.041995004349573435, 0.042000091569967084, 0.041837300517370314, 0.03887145102787288, 0.03887145102787288, 0.03887145102787288, 0.03887145102787288, 0.03887145102787288, 0.03887145102787288, 0.03887145102787288, 0.03887145102787288, 0.03884092770551099]
bkt_dst_nodes_list = self.get_in_degree_bucketing() spend:  0.012800931930541992
self.gen_batches_seeds_list(bkt_dst_nodes_list_local) spend  0.11665058135986328
self.has_zero_indegree_seeds  False
num_output  196571
self.output_nids  196571
output nodes length match
global output equals  True
partition total batch output list spend :  5.106248617172241
self.buckets_partition() spend  sec:  0.12946748733520508
epoch  1
the output layer 
self.num_batch (get_in_degree_bucketing) 24
get_in_degree_bucketing dst global nid length 196571
len(bkt)  173
len(bkt)  221
len(bkt)  374
len(bkt)  456
len(bkt)  445
len(bkt)  550
len(bkt)  655
len(bkt)  512
len(bkt)  576
len(bkt)  640
len(bkt)  624
len(bkt)  583
len(bkt)  615
len(bkt)  695
len(bkt)  673
len(bkt)  614
len(bkt)  556
len(bkt)  604
len(bkt)  584
len(bkt)  572
len(bkt)  586
len(bkt)  592
len(bkt)  648
len(bkt)  645
len(bkt)  183378
total indegree bucketing result ,  196571
the number of total output nodes match :) 
local nids of zero in-degree  []
bucket partitioner: bkt_dst_nodes_list_local length  25
---||-----||-----||-----||-----||-----||-----||-----||-----||-----||-----||-----||-----||-----||-----||-----||-----||-----||-----||-----||--
self.num_batch,  24
type of fanout_dst_nids  <class 'torch.Tensor'>
sum(estimated_mem)
27.023624836713726
24
the last batch value is  1028
G_BUCKET_ID_list [[22], [6, 5, 3, 1], [21, 0], [23], [13, 9], [14, 7, 2], [10, 8, 4], [20], [18], [19], [16], [17], [15], [12], [11]]
G_BUCKET_ID_list length 15
backpack scheduling spend  0.12483644485473633
len(g_bucket_nids_list)  15
len(local_split_batches_nid_list)  24
current group_mem  2.232189497508864
current group_mem  1.3068242388952873
current group_mem  2.2282285622209037
current group_mem  2.223171411479282
current group_mem  2.2199646769036976
current group_mem  2.2155376024494022
current group_mem  2.1752215580623586
current group_mem  1.920127067184496
current group_mem  1.793769060001223
current group_mem  1.6766132844613435
current group_mem  1.6565154083265854
current group_mem  1.5991467489715145
current group_mem  1.4645761989081698
current group_mem  1.2832128918560093
current group_mem  1.0285266294845892
batches output list generation spend  0.0003154277801513672
self.weights_list  [0.04216796984295751, 0.04844559980872051, 0.04276317462901445, 0.042152708181776556, 0.04566289025339445, 0.04680242762157185, 0.04723992857542567, 0.04185256217855126, 0.04184238773776396, 0.04178134109304017, 0.04169994556674179, 0.04194413214563694, 0.041995004349573435, 0.042000091569967084, 0.041837300517370314, 0.03887145102787288, 0.03887145102787288, 0.03887145102787288, 0.03887145102787288, 0.03887145102787288, 0.03887145102787288, 0.03887145102787288, 0.03887145102787288, 0.03884092770551099]
bkt_dst_nodes_list = self.get_in_degree_bucketing() spend:  0.009779214859008789
self.gen_batches_seeds_list(bkt_dst_nodes_list_local) spend  0.12530899047851562
self.has_zero_indegree_seeds  False
num_output  196571
self.output_nids  196571
output nodes length match
global output equals  True
partition total batch output list spend :  5.087627410888672
self.buckets_partition() spend  sec:  0.13510608673095703
epoch  2
the output layer 
self.num_batch (get_in_degree_bucketing) 24
get_in_degree_bucketing dst global nid length 196571
len(bkt)  173
len(bkt)  221
len(bkt)  374
len(bkt)  456
len(bkt)  445
len(bkt)  550
len(bkt)  655
len(bkt)  512
len(bkt)  576
len(bkt)  640
len(bkt)  624
len(bkt)  583
len(bkt)  615
len(bkt)  695
len(bkt)  673
len(bkt)  614
len(bkt)  556
len(bkt)  604
len(bkt)  584
len(bkt)  572
len(bkt)  586
len(bkt)  592
len(bkt)  648
len(bkt)  645
len(bkt)  183378
total indegree bucketing result ,  196571
the number of total output nodes match :) 
local nids of zero in-degree  []
bucket partitioner: bkt_dst_nodes_list_local length  25
---||-----||-----||-----||-----||-----||-----||-----||-----||-----||-----||-----||-----||-----||-----||-----||-----||-----||-----||-----||--
self.num_batch,  24
type of fanout_dst_nids  <class 'torch.Tensor'>
sum(estimated_mem)
27.023624836713726
24
the last batch value is  1028
G_BUCKET_ID_list [[22], [6, 5, 3, 1], [21, 0], [23], [13, 9], [14, 7, 2], [10, 8, 4], [20], [18], [19], [16], [17], [15], [12], [11]]
G_BUCKET_ID_list length 15
backpack scheduling spend  0.12591338157653809
len(g_bucket_nids_list)  15
len(local_split_batches_nid_list)  24
current group_mem  2.232189497508864
current group_mem  1.3068242388952873
current group_mem  2.2282285622209037
current group_mem  2.223171411479282
current group_mem  2.2199646769036976
current group_mem  2.2155376024494022
current group_mem  2.1752215580623586
current group_mem  1.920127067184496
current group_mem  1.793769060001223
current group_mem  1.6766132844613435
current group_mem  1.6565154083265854
current group_mem  1.5991467489715145
current group_mem  1.4645761989081698
current group_mem  1.2832128918560093
current group_mem  1.0285266294845892
batches output list generation spend  0.0006754398345947266
self.weights_list  [0.04216796984295751, 0.04844559980872051, 0.04276317462901445, 0.042152708181776556, 0.04566289025339445, 0.04680242762157185, 0.04723992857542567, 0.04185256217855126, 0.04184238773776396, 0.04178134109304017, 0.04169994556674179, 0.04194413214563694, 0.041995004349573435, 0.042000091569967084, 0.041837300517370314, 0.03887145102787288, 0.03887145102787288, 0.03887145102787288, 0.03887145102787288, 0.03887145102787288, 0.03887145102787288, 0.03887145102787288, 0.03887145102787288, 0.03884092770551099]
bkt_dst_nodes_list = self.get_in_degree_bucketing() spend:  0.011505365371704102
self.gen_batches_seeds_list(bkt_dst_nodes_list_local) spend  0.12688040733337402
self.has_zero_indegree_seeds  False
num_output  196571
self.output_nids  196571
output nodes length match
global output equals  True
partition total batch output list spend :  5.15033745765686
self.buckets_partition() spend  sec:  0.13840603828430176
epoch  3
the output layer 
self.num_batch (get_in_degree_bucketing) 24
get_in_degree_bucketing dst global nid length 196571
len(bkt)  173
len(bkt)  221
len(bkt)  374
len(bkt)  456
len(bkt)  445
len(bkt)  550
len(bkt)  655
len(bkt)  512
len(bkt)  576
len(bkt)  640
len(bkt)  624
len(bkt)  583
len(bkt)  615
len(bkt)  695
len(bkt)  673
len(bkt)  614
len(bkt)  556
len(bkt)  604
len(bkt)  584
len(bkt)  572
len(bkt)  586
len(bkt)  592
len(bkt)  648
len(bkt)  645
len(bkt)  183378
total indegree bucketing result ,  196571
the number of total output nodes match :) 
local nids of zero in-degree  []
bucket partitioner: bkt_dst_nodes_list_local length  25
---||-----||-----||-----||-----||-----||-----||-----||-----||-----||-----||-----||-----||-----||-----||-----||-----||-----||-----||-----||--
self.num_batch,  24
type of fanout_dst_nids  <class 'torch.Tensor'>
sum(estimated_mem)
27.023624836713726
24
the last batch value is  1028
G_BUCKET_ID_list [[22], [6, 5, 3, 1], [21, 0], [23], [13, 9], [14, 7, 2], [10, 8, 4], [20], [18], [19], [16], [17], [15], [12], [11]]
G_BUCKET_ID_list length 15
backpack scheduling spend  0.13139963150024414
len(g_bucket_nids_list)  15
len(local_split_batches_nid_list)  24
current group_mem  2.232189497508864
current group_mem  1.3068242388952873
current group_mem  2.2282285622209037
current group_mem  2.223171411479282
current group_mem  2.2199646769036976
current group_mem  2.2155376024494022
current group_mem  2.1752215580623586
current group_mem  1.920127067184496
current group_mem  1.793769060001223
current group_mem  1.6766132844613435
current group_mem  1.6565154083265854
current group_mem  1.5991467489715145
current group_mem  1.4645761989081698
current group_mem  1.2832128918560093
current group_mem  1.0285266294845892
batches output list generation spend  0.0004630088806152344
self.weights_list  [0.04216796984295751, 0.04844559980872051, 0.04276317462901445, 0.042152708181776556, 0.04566289025339445, 0.04680242762157185, 0.04723992857542567, 0.04185256217855126, 0.04184238773776396, 0.04178134109304017, 0.04169994556674179, 0.04194413214563694, 0.041995004349573435, 0.042000091569967084, 0.041837300517370314, 0.03887145102787288, 0.03887145102787288, 0.03887145102787288, 0.03887145102787288, 0.03887145102787288, 0.03887145102787288, 0.03887145102787288, 0.03887145102787288, 0.03884092770551099]
bkt_dst_nodes_list = self.get_in_degree_bucketing() spend:  0.012912511825561523
self.gen_batches_seeds_list(bkt_dst_nodes_list_local) spend  0.1320486068725586
self.has_zero_indegree_seeds  False
num_output  196571
self.output_nids  196571
output nodes length match
global output equals  True
partition total batch output list spend :  5.188725471496582
self.buckets_partition() spend  sec:  0.14497923851013184
epoch  4
the output layer 
self.num_batch (get_in_degree_bucketing) 24
get_in_degree_bucketing dst global nid length 196571
len(bkt)  173
len(bkt)  221
len(bkt)  374
len(bkt)  456
len(bkt)  445
len(bkt)  550
len(bkt)  655
len(bkt)  512
len(bkt)  576
len(bkt)  640
len(bkt)  624
len(bkt)  583
len(bkt)  615
len(bkt)  695
len(bkt)  673
len(bkt)  614
len(bkt)  556
len(bkt)  604
len(bkt)  584
len(bkt)  572
len(bkt)  586
len(bkt)  592
len(bkt)  648
len(bkt)  645
len(bkt)  183378
total indegree bucketing result ,  196571
the number of total output nodes match :) 
local nids of zero in-degree  []
bucket partitioner: bkt_dst_nodes_list_local length  25
---||-----||-----||-----||-----||-----||-----||-----||-----||-----||-----||-----||-----||-----||-----||-----||-----||-----||-----||-----||--
self.num_batch,  24
type of fanout_dst_nids  <class 'torch.Tensor'>
sum(estimated_mem)
27.023624836713726
24
the last batch value is  1028
G_BUCKET_ID_list [[22], [6, 5, 3, 1], [21, 0], [23], [13, 9], [14, 7, 2], [10, 8, 4], [20], [18], [19], [16], [17], [15], [12], [11]]
G_BUCKET_ID_list length 15
backpack scheduling spend  0.12800073623657227
len(g_bucket_nids_list)  15
len(local_split_batches_nid_list)  24
current group_mem  2.232189497508864
current group_mem  1.3068242388952873
current group_mem  2.2282285622209037
current group_mem  2.223171411479282
current group_mem  2.2199646769036976
current group_mem  2.2155376024494022
current group_mem  2.1752215580623586
current group_mem  1.920127067184496
current group_mem  1.793769060001223
current group_mem  1.6766132844613435
current group_mem  1.6565154083265854
current group_mem  1.5991467489715145
current group_mem  1.4645761989081698
current group_mem  1.2832128918560093
current group_mem  1.0285266294845892
batches output list generation spend  0.0006546974182128906
self.weights_list  [0.04216796984295751, 0.04844559980872051, 0.04276317462901445, 0.042152708181776556, 0.04566289025339445, 0.04680242762157185, 0.04723992857542567, 0.04185256217855126, 0.04184238773776396, 0.04178134109304017, 0.04169994556674179, 0.04194413214563694, 0.041995004349573435, 0.042000091569967084, 0.041837300517370314, 0.03887145102787288, 0.03887145102787288, 0.03887145102787288, 0.03887145102787288, 0.03887145102787288, 0.03887145102787288, 0.03887145102787288, 0.03887145102787288, 0.03884092770551099]
bkt_dst_nodes_list = self.get_in_degree_bucketing() spend:  0.014263153076171875
self.gen_batches_seeds_list(bkt_dst_nodes_list_local) spend  0.12891507148742676
self.has_zero_indegree_seeds  False
num_output  196571
self.output_nids  196571
output nodes length match
global output equals  True
partition total batch output list spend :  5.229926586151123
self.buckets_partition() spend  sec:  0.14320135116577148
epoch  5
the output layer 
self.num_batch (get_in_degree_bucketing) 24
get_in_degree_bucketing dst global nid length 196571
len(bkt)  173
len(bkt)  221
len(bkt)  374
len(bkt)  456
len(bkt)  445
len(bkt)  550
len(bkt)  655
len(bkt)  512
len(bkt)  576
len(bkt)  640
len(bkt)  624
len(bkt)  583
len(bkt)  615
len(bkt)  695
len(bkt)  673
len(bkt)  614
len(bkt)  556
len(bkt)  604
len(bkt)  584
len(bkt)  572
len(bkt)  586
len(bkt)  592
len(bkt)  648
len(bkt)  645
len(bkt)  183378
total indegree bucketing result ,  196571
the number of total output nodes match :) 
local nids of zero in-degree  []
bucket partitioner: bkt_dst_nodes_list_local length  25
---||-----||-----||-----||-----||-----||-----||-----||-----||-----||-----||-----||-----||-----||-----||-----||-----||-----||-----||-----||--
self.num_batch,  24
type of fanout_dst_nids  <class 'torch.Tensor'>
sum(estimated_mem)
27.023624836713726
24
the last batch value is  1028
G_BUCKET_ID_list [[22], [6, 5, 3, 1], [21, 0], [23], [13, 9], [14, 7, 2], [10, 8, 4], [20], [18], [19], [16], [17], [15], [12], [11]]
G_BUCKET_ID_list length 15
backpack scheduling spend  0.3121774196624756
len(g_bucket_nids_list)  15
len(local_split_batches_nid_list)  24
current group_mem  2.232189497508864
current group_mem  1.3068242388952873
current group_mem  2.2282285622209037
current group_mem  2.223171411479282
current group_mem  2.2199646769036976
current group_mem  2.2155376024494022
current group_mem  2.1752215580623586
current group_mem  1.920127067184496
current group_mem  1.793769060001223
current group_mem  1.6766132844613435
current group_mem  1.6565154083265854
current group_mem  1.5991467489715145
current group_mem  1.4645761989081698
current group_mem  1.2832128918560093
current group_mem  1.0285266294845892
batches output list generation spend  0.0006380081176757812
self.weights_list  [0.04216796984295751, 0.04844559980872051, 0.04276317462901445, 0.042152708181776556, 0.04566289025339445, 0.04680242762157185, 0.04723992857542567, 0.04185256217855126, 0.04184238773776396, 0.04178134109304017, 0.04169994556674179, 0.04194413214563694, 0.041995004349573435, 0.042000091569967084, 0.041837300517370314, 0.03887145102787288, 0.03887145102787288, 0.03887145102787288, 0.03887145102787288, 0.03887145102787288, 0.03887145102787288, 0.03887145102787288, 0.03887145102787288, 0.03884092770551099]
bkt_dst_nodes_list = self.get_in_degree_bucketing() spend:  0.013168096542358398
self.gen_batches_seeds_list(bkt_dst_nodes_list_local) spend  0.31305789947509766
self.has_zero_indegree_seeds  False
num_output  196571
self.output_nids  196571
output nodes length match
global output equals  True
partition total batch output list spend :  5.332664489746094
self.buckets_partition() spend  sec:  0.32625341415405273
epoch  6
the output layer 
self.num_batch (get_in_degree_bucketing) 24
get_in_degree_bucketing dst global nid length 196571
len(bkt)  173
len(bkt)  221
len(bkt)  374
len(bkt)  456
len(bkt)  445
len(bkt)  550
len(bkt)  655
len(bkt)  512
len(bkt)  576
len(bkt)  640
len(bkt)  624
len(bkt)  583
len(bkt)  615
len(bkt)  695
len(bkt)  673
len(bkt)  614
len(bkt)  556
len(bkt)  604
len(bkt)  584
len(bkt)  572
len(bkt)  586
len(bkt)  592
len(bkt)  648
len(bkt)  645
len(bkt)  183378
total indegree bucketing result ,  196571
the number of total output nodes match :) 
local nids of zero in-degree  []
bucket partitioner: bkt_dst_nodes_list_local length  25
---||-----||-----||-----||-----||-----||-----||-----||-----||-----||-----||-----||-----||-----||-----||-----||-----||-----||-----||-----||--
self.num_batch,  24
type of fanout_dst_nids  <class 'torch.Tensor'>
sum(estimated_mem)
27.023624836713726
24
the last batch value is  1028
G_BUCKET_ID_list [[22], [6, 5, 3, 1], [21, 0], [23], [13, 9], [14, 7, 2], [10, 8, 4], [20], [18], [19], [16], [17], [15], [12], [11]]
G_BUCKET_ID_list length 15
backpack scheduling spend  0.1264209747314453
len(g_bucket_nids_list)  15
len(local_split_batches_nid_list)  24
current group_mem  2.232189497508864
current group_mem  1.3068242388952873
current group_mem  2.2282285622209037
current group_mem  2.223171411479282
current group_mem  2.2199646769036976
current group_mem  2.2155376024494022
current group_mem  2.1752215580623586
current group_mem  1.920127067184496
current group_mem  1.793769060001223
current group_mem  1.6766132844613435
current group_mem  1.6565154083265854
current group_mem  1.5991467489715145
current group_mem  1.4645761989081698
current group_mem  1.2832128918560093
current group_mem  1.0285266294845892
batches output list generation spend  0.0006582736968994141
self.weights_list  [0.04216796984295751, 0.04844559980872051, 0.04276317462901445, 0.042152708181776556, 0.04566289025339445, 0.04680242762157185, 0.04723992857542567, 0.04185256217855126, 0.04184238773776396, 0.04178134109304017, 0.04169994556674179, 0.04194413214563694, 0.041995004349573435, 0.042000091569967084, 0.041837300517370314, 0.03887145102787288, 0.03887145102787288, 0.03887145102787288, 0.03887145102787288, 0.03887145102787288, 0.03887145102787288, 0.03887145102787288, 0.03887145102787288, 0.03884092770551099]
bkt_dst_nodes_list = self.get_in_degree_bucketing() spend:  0.01183176040649414
self.gen_batches_seeds_list(bkt_dst_nodes_list_local) spend  0.12726187705993652
self.has_zero_indegree_seeds  False
num_output  196571
self.output_nids  196571
output nodes length match
global output equals  True
partition total batch output list spend :  5.124225378036499
self.buckets_partition() spend  sec:  0.139113187789917
epoch  7
the output layer 
self.num_batch (get_in_degree_bucketing) 24
get_in_degree_bucketing dst global nid length 196571
len(bkt)  173
len(bkt)  221
len(bkt)  374
len(bkt)  456
len(bkt)  445
len(bkt)  550
len(bkt)  655
len(bkt)  512
len(bkt)  576
len(bkt)  640
len(bkt)  624
len(bkt)  583
len(bkt)  615
len(bkt)  695
len(bkt)  673
len(bkt)  614
len(bkt)  556
len(bkt)  604
len(bkt)  584
len(bkt)  572
len(bkt)  586
len(bkt)  592
len(bkt)  648
len(bkt)  645
len(bkt)  183378
total indegree bucketing result ,  196571
the number of total output nodes match :) 
local nids of zero in-degree  []
bucket partitioner: bkt_dst_nodes_list_local length  25
---||-----||-----||-----||-----||-----||-----||-----||-----||-----||-----||-----||-----||-----||-----||-----||-----||-----||-----||-----||--
self.num_batch,  24
type of fanout_dst_nids  <class 'torch.Tensor'>
sum(estimated_mem)
27.023624836713726
24
the last batch value is  1028
G_BUCKET_ID_list [[22], [6, 5, 3, 1], [21, 0], [23], [13, 9], [14, 7, 2], [10, 8, 4], [20], [18], [19], [16], [17], [15], [12], [11]]
G_BUCKET_ID_list length 15
backpack scheduling spend  0.11687326431274414
len(g_bucket_nids_list)  15
len(local_split_batches_nid_list)  24
current group_mem  2.232189497508864
current group_mem  1.3068242388952873
current group_mem  2.2282285622209037
current group_mem  2.223171411479282
current group_mem  2.2199646769036976
current group_mem  2.2155376024494022
current group_mem  2.1752215580623586
current group_mem  1.920127067184496
current group_mem  1.793769060001223
current group_mem  1.6766132844613435
current group_mem  1.6565154083265854
current group_mem  1.5991467489715145
current group_mem  1.4645761989081698
current group_mem  1.2832128918560093
current group_mem  1.0285266294845892
batches output list generation spend  0.00037288665771484375
self.weights_list  [0.04216796984295751, 0.04844559980872051, 0.04276317462901445, 0.042152708181776556, 0.04566289025339445, 0.04680242762157185, 0.04723992857542567, 0.04185256217855126, 0.04184238773776396, 0.04178134109304017, 0.04169994556674179, 0.04194413214563694, 0.041995004349573435, 0.042000091569967084, 0.041837300517370314, 0.03887145102787288, 0.03887145102787288, 0.03887145102787288, 0.03887145102787288, 0.03887145102787288, 0.03887145102787288, 0.03887145102787288, 0.03887145102787288, 0.03884092770551099]
bkt_dst_nodes_list = self.get_in_degree_bucketing() spend:  0.010314464569091797
self.gen_batches_seeds_list(bkt_dst_nodes_list_local) spend  0.11742091178894043
self.has_zero_indegree_seeds  False
num_output  196571
self.output_nids  196571
output nodes length match
global output equals  True
partition total batch output list spend :  5.089989423751831
self.buckets_partition() spend  sec:  0.12775421142578125
epoch  8
the output layer 
self.num_batch (get_in_degree_bucketing) 24
get_in_degree_bucketing dst global nid length 196571
len(bkt)  173
len(bkt)  221
len(bkt)  374
len(bkt)  456
len(bkt)  445
len(bkt)  550
len(bkt)  655
len(bkt)  512
len(bkt)  576
len(bkt)  640
len(bkt)  624
len(bkt)  583
len(bkt)  615
len(bkt)  695
len(bkt)  673
len(bkt)  614
len(bkt)  556
len(bkt)  604
len(bkt)  584
len(bkt)  572
len(bkt)  586
len(bkt)  592
len(bkt)  648
len(bkt)  645
len(bkt)  183378
total indegree bucketing result ,  196571
the number of total output nodes match :) 
local nids of zero in-degree  []
bucket partitioner: bkt_dst_nodes_list_local length  25
---||-----||-----||-----||-----||-----||-----||-----||-----||-----||-----||-----||-----||-----||-----||-----||-----||-----||-----||-----||--
self.num_batch,  24
type of fanout_dst_nids  <class 'torch.Tensor'>
sum(estimated_mem)
27.023624836713726
24
the last batch value is  1028
G_BUCKET_ID_list [[22], [6, 5, 3, 1], [21, 0], [23], [13, 9], [14, 7, 2], [10, 8, 4], [20], [18], [19], [16], [17], [15], [12], [11]]
G_BUCKET_ID_list length 15
backpack scheduling spend  0.12659263610839844
len(g_bucket_nids_list)  15
len(local_split_batches_nid_list)  24
current group_mem  2.232189497508864
current group_mem  1.3068242388952873
current group_mem  2.2282285622209037
current group_mem  2.223171411479282
current group_mem  2.2199646769036976
current group_mem  2.2155376024494022
current group_mem  2.1752215580623586
current group_mem  1.920127067184496
current group_mem  1.793769060001223
current group_mem  1.6766132844613435
current group_mem  1.6565154083265854
current group_mem  1.5991467489715145
current group_mem  1.4645761989081698
current group_mem  1.2832128918560093
current group_mem  1.0285266294845892
batches output list generation spend  0.00049591064453125
self.weights_list  [0.04216796984295751, 0.04844559980872051, 0.04276317462901445, 0.042152708181776556, 0.04566289025339445, 0.04680242762157185, 0.04723992857542567, 0.04185256217855126, 0.04184238773776396, 0.04178134109304017, 0.04169994556674179, 0.04194413214563694, 0.041995004349573435, 0.042000091569967084, 0.041837300517370314, 0.03887145102787288, 0.03887145102787288, 0.03887145102787288, 0.03887145102787288, 0.03887145102787288, 0.03887145102787288, 0.03887145102787288, 0.03887145102787288, 0.03884092770551099]
bkt_dst_nodes_list = self.get_in_degree_bucketing() spend:  0.009715080261230469
self.gen_batches_seeds_list(bkt_dst_nodes_list_local) spend  0.12731337547302246
self.has_zero_indegree_seeds  False
num_output  196571
self.output_nids  196571
output nodes length match
global output equals  True
partition total batch output list spend :  5.1002233028411865
self.buckets_partition() spend  sec:  0.13704824447631836
epoch  9
the output layer 
self.num_batch (get_in_degree_bucketing) 24
get_in_degree_bucketing dst global nid length 196571
len(bkt)  173
len(bkt)  221
len(bkt)  374
len(bkt)  456
len(bkt)  445
len(bkt)  550
len(bkt)  655
len(bkt)  512
len(bkt)  576
len(bkt)  640
len(bkt)  624
len(bkt)  583
len(bkt)  615
len(bkt)  695
len(bkt)  673
len(bkt)  614
len(bkt)  556
len(bkt)  604
len(bkt)  584
len(bkt)  572
len(bkt)  586
len(bkt)  592
len(bkt)  648
len(bkt)  645
len(bkt)  183378
total indegree bucketing result ,  196571
the number of total output nodes match :) 
local nids of zero in-degree  []
bucket partitioner: bkt_dst_nodes_list_local length  25
---||-----||-----||-----||-----||-----||-----||-----||-----||-----||-----||-----||-----||-----||-----||-----||-----||-----||-----||-----||--
self.num_batch,  24
type of fanout_dst_nids  <class 'torch.Tensor'>
sum(estimated_mem)
27.023624836713726
24
the last batch value is  1028
G_BUCKET_ID_list [[22], [6, 5, 3, 1], [21, 0], [23], [13, 9], [14, 7, 2], [10, 8, 4], [20], [18], [19], [16], [17], [15], [12], [11]]
G_BUCKET_ID_list length 15
backpack scheduling spend  0.12648630142211914
len(g_bucket_nids_list)  15
len(local_split_batches_nid_list)  24
current group_mem  2.232189497508864
current group_mem  1.3068242388952873
current group_mem  2.2282285622209037
current group_mem  2.223171411479282
current group_mem  2.2199646769036976
current group_mem  2.2155376024494022
current group_mem  2.1752215580623586
current group_mem  1.920127067184496
current group_mem  1.793769060001223
current group_mem  1.6766132844613435
current group_mem  1.6565154083265854
current group_mem  1.5991467489715145
current group_mem  1.4645761989081698
current group_mem  1.2832128918560093
current group_mem  1.0285266294845892
batches output list generation spend  0.0006389617919921875
self.weights_list  [0.04216796984295751, 0.04844559980872051, 0.04276317462901445, 0.042152708181776556, 0.04566289025339445, 0.04680242762157185, 0.04723992857542567, 0.04185256217855126, 0.04184238773776396, 0.04178134109304017, 0.04169994556674179, 0.04194413214563694, 0.041995004349573435, 0.042000091569967084, 0.041837300517370314, 0.03887145102787288, 0.03887145102787288, 0.03887145102787288, 0.03887145102787288, 0.03887145102787288, 0.03887145102787288, 0.03887145102787288, 0.03887145102787288, 0.03884092770551099]
bkt_dst_nodes_list = self.get_in_degree_bucketing() spend:  0.011472225189208984
self.gen_batches_seeds_list(bkt_dst_nodes_list_local) spend  0.12731051445007324
self.has_zero_indegree_seeds  False
num_output  196571
self.output_nids  196571
output nodes length match
global output equals  True
partition total batch output list spend :  5.094031095504761
self.buckets_partition() spend  sec:  0.13879942893981934
 data loader gen time  [19.14995551109314, 19.095394372940063, 17.906710863113403, 18.965579748153687, 19.048782348632812, 19.25511932373047, 18.31246781349182, 18.306748390197754, 17.763782024383545, 18.17216205596924]
	---backpack schedule time  [5.198179006576538, 5.173083543777466, 5.237745761871338, 5.261379718780518, 5.314856290817261, 5.423006296157837, 5.20686936378479, 5.170592546463013, 5.1763410568237305, 5.174772262573242]
	---connection_check_time_list  [7.832682132720947, 8.091674566268921, 6.863030910491943, 7.583821773529053, 7.604945421218872, 7.7984232902526855, 7.034134387969971, 7.388282775878906, 6.792457103729248, 7.017404079437256]
	---block_gen_time_list  [5.395936965942383, 5.095269441604614, 5.1027233600616455, 5.400599479675293, 5.414025068283081, 5.3024163246154785, 5.359354257583618, 5.0380964279174805, 5.086520671844482, 5.275601863861084]
 
data loader gen time avg 18.476510326067608
	---backpack schedule time avg 5.2444063027699785
	---connection_check_time avg  7.272607843081157
	---block_gen_time avg  5.246002435684204
