main start at this time 1733034624.4707515
-----------------------------------------before load data 
 Nvidia-smi: 0.3560791015625 GB
    Memory Allocated: 0.0  GigaBytes
Max Memory Allocated: 0.0  GigaBytes

#nodes: 2449029
#edges: 123718024
#classes: 47
success----------------------------------------
# Nodes: 2400608
# Edges: 123718024
# Train: 196571
# Val: 39255
# Test: 2164782
# Classes: 47

----------------------------------------start of run function 
 Nvidia-smi: 0.3560791015625 GB
    Memory Allocated: 0.0  GigaBytes
Max Memory Allocated: 0.0  GigaBytes

epoch  0
the output layer 
self.num_batch (get_in_degree_bucketing) 32
get_in_degree_bucketing dst global nid length 196571
len(bkt)  173
len(bkt)  221
len(bkt)  374
len(bkt)  456
len(bkt)  445
len(bkt)  550
len(bkt)  655
len(bkt)  512
len(bkt)  576
len(bkt)  640
len(bkt)  624
len(bkt)  583
len(bkt)  615
len(bkt)  695
len(bkt)  673
len(bkt)  614
len(bkt)  556
len(bkt)  604
len(bkt)  584
len(bkt)  572
len(bkt)  586
len(bkt)  592
len(bkt)  648
len(bkt)  645
len(bkt)  183378
total indegree bucketing result ,  196571
the number of total output nodes match :) 
local nids of zero in-degree  []
bucket partitioner: bkt_dst_nodes_list_local length  25
---||-----||-----||-----||-----||-----||-----||-----||-----||-----||-----||-----||-----||-----||-----||-----||-----||-----||-----||-----||--
self.num_batch,  32
type of fanout_dst_nids  <class 'torch.Tensor'>
sum(estimated_mem)
27.023624836713726
24
the last batch value is  1028
G_BUCKET_ID_list [[22], [6, 5, 3, 1], [21, 0], [23], [13, 9], [14, 7, 2], [10, 8, 4], [20], [18], [19], [16], [17], [15], [12], [11]]
G_BUCKET_ID_list length 15
backpack scheduling spend  0.1258227825164795
len(g_bucket_nids_list)  15
len(local_split_batches_nid_list)  32
current group_mem  2.232189497508864
current group_mem  1.3068242388952873
current group_mem  2.2282285622209037
current group_mem  2.223171411479282
current group_mem  2.2199646769036976
current group_mem  2.2155376024494022
current group_mem  2.1752215580623586
current group_mem  1.920127067184496
current group_mem  1.793769060001223
current group_mem  1.6766132844613435
current group_mem  1.6565154083265854
current group_mem  1.5991467489715145
current group_mem  1.4645761989081698
current group_mem  1.2832128918560093
current group_mem  1.0285266294845892
batches output list generation spend  0.0002067089080810547
self.weights_list  [0.0324513788910877, 0.038729008856850704, 0.03304658367714464, 0.032436117229906754, 0.03594629930152464, 0.03708583666970204, 0.037523337623555864, 0.03213597122668145, 0.03212579678589415, 0.03206475014117036, 0.03198335461487198, 0.03222754119376714, 0.032278413397703626, 0.032283500618097274, 0.032120709565500505, 0.029154860076003073, 0.029154860076003073, 0.029154860076003073, 0.029154860076003073, 0.029154860076003073, 0.029154860076003073, 0.029154860076003073, 0.029154860076003073, 0.029154860076003073, 0.029154860076003073, 0.029154860076003073, 0.029154860076003073, 0.029154860076003073, 0.029154860076003073, 0.029154860076003073, 0.029154860076003073, 0.029083638990491986]
bkt_dst_nodes_list = self.get_in_degree_bucketing() spend:  0.01197052001953125
self.gen_batches_seeds_list(bkt_dst_nodes_list_local) spend  0.12630510330200195
self.has_zero_indegree_seeds  False
num_output  196571
self.output_nids  196571
output nodes length match
global output equals  True
partition total batch output list spend :  6.800854206085205
self.buckets_partition() spend  sec:  0.13829278945922852
epoch  1
the output layer 
self.num_batch (get_in_degree_bucketing) 32
get_in_degree_bucketing dst global nid length 196571
len(bkt)  173
len(bkt)  221
len(bkt)  374
len(bkt)  456
len(bkt)  445
len(bkt)  550
len(bkt)  655
len(bkt)  512
len(bkt)  576
len(bkt)  640
len(bkt)  624
len(bkt)  583
len(bkt)  615
len(bkt)  695
len(bkt)  673
len(bkt)  614
len(bkt)  556
len(bkt)  604
len(bkt)  584
len(bkt)  572
len(bkt)  586
len(bkt)  592
len(bkt)  648
len(bkt)  645
len(bkt)  183378
total indegree bucketing result ,  196571
the number of total output nodes match :) 
local nids of zero in-degree  []
bucket partitioner: bkt_dst_nodes_list_local length  25
---||-----||-----||-----||-----||-----||-----||-----||-----||-----||-----||-----||-----||-----||-----||-----||-----||-----||-----||-----||--
self.num_batch,  32
type of fanout_dst_nids  <class 'torch.Tensor'>
sum(estimated_mem)
27.023624836713726
24
the last batch value is  1028
G_BUCKET_ID_list [[22], [6, 5, 3, 1], [21, 0], [23], [13, 9], [14, 7, 2], [10, 8, 4], [20], [18], [19], [16], [17], [15], [12], [11]]
G_BUCKET_ID_list length 15
backpack scheduling spend  0.12723922729492188
len(g_bucket_nids_list)  15
len(local_split_batches_nid_list)  32
current group_mem  2.232189497508864
current group_mem  1.3068242388952873
current group_mem  2.2282285622209037
current group_mem  2.223171411479282
current group_mem  2.2199646769036976
current group_mem  2.2155376024494022
current group_mem  2.1752215580623586
current group_mem  1.920127067184496
current group_mem  1.793769060001223
current group_mem  1.6766132844613435
current group_mem  1.6565154083265854
current group_mem  1.5991467489715145
current group_mem  1.4645761989081698
current group_mem  1.2832128918560093
current group_mem  1.0285266294845892
batches output list generation spend  0.0004088878631591797
self.weights_list  [0.0324513788910877, 0.038729008856850704, 0.03304658367714464, 0.032436117229906754, 0.03594629930152464, 0.03708583666970204, 0.037523337623555864, 0.03213597122668145, 0.03212579678589415, 0.03206475014117036, 0.03198335461487198, 0.03222754119376714, 0.032278413397703626, 0.032283500618097274, 0.032120709565500505, 0.029154860076003073, 0.029154860076003073, 0.029154860076003073, 0.029154860076003073, 0.029154860076003073, 0.029154860076003073, 0.029154860076003073, 0.029154860076003073, 0.029154860076003073, 0.029154860076003073, 0.029154860076003073, 0.029154860076003073, 0.029154860076003073, 0.029154860076003073, 0.029154860076003073, 0.029154860076003073, 0.029083638990491986]
bkt_dst_nodes_list = self.get_in_degree_bucketing() spend:  0.013746261596679688
self.gen_batches_seeds_list(bkt_dst_nodes_list_local) spend  0.1279144287109375
self.has_zero_indegree_seeds  False
num_output  196571
self.output_nids  196571
output nodes length match
global output equals  True
partition total batch output list spend :  6.760090112686157
self.buckets_partition() spend  sec:  0.1416759490966797
epoch  2
the output layer 
self.num_batch (get_in_degree_bucketing) 32
get_in_degree_bucketing dst global nid length 196571
len(bkt)  173
len(bkt)  221
len(bkt)  374
len(bkt)  456
len(bkt)  445
len(bkt)  550
len(bkt)  655
len(bkt)  512
len(bkt)  576
len(bkt)  640
len(bkt)  624
len(bkt)  583
len(bkt)  615
len(bkt)  695
len(bkt)  673
len(bkt)  614
len(bkt)  556
len(bkt)  604
len(bkt)  584
len(bkt)  572
len(bkt)  586
len(bkt)  592
len(bkt)  648
len(bkt)  645
len(bkt)  183378
total indegree bucketing result ,  196571
the number of total output nodes match :) 
local nids of zero in-degree  []
bucket partitioner: bkt_dst_nodes_list_local length  25
---||-----||-----||-----||-----||-----||-----||-----||-----||-----||-----||-----||-----||-----||-----||-----||-----||-----||-----||-----||--
self.num_batch,  32
type of fanout_dst_nids  <class 'torch.Tensor'>
sum(estimated_mem)
27.023624836713726
24
the last batch value is  1028
G_BUCKET_ID_list [[22], [6, 5, 3, 1], [21, 0], [23], [13, 9], [14, 7, 2], [10, 8, 4], [20], [18], [19], [16], [17], [15], [12], [11]]
G_BUCKET_ID_list length 15
backpack scheduling spend  0.12677788734436035
len(g_bucket_nids_list)  15
len(local_split_batches_nid_list)  32
current group_mem  2.232189497508864
current group_mem  1.3068242388952873
current group_mem  2.2282285622209037
current group_mem  2.223171411479282
current group_mem  2.2199646769036976
current group_mem  2.2155376024494022
current group_mem  2.1752215580623586
current group_mem  1.920127067184496
current group_mem  1.793769060001223
current group_mem  1.6766132844613435
current group_mem  1.6565154083265854
current group_mem  1.5991467489715145
current group_mem  1.4645761989081698
current group_mem  1.2832128918560093
current group_mem  1.0285266294845892
batches output list generation spend  0.0005283355712890625
self.weights_list  [0.0324513788910877, 0.038729008856850704, 0.03304658367714464, 0.032436117229906754, 0.03594629930152464, 0.03708583666970204, 0.037523337623555864, 0.03213597122668145, 0.03212579678589415, 0.03206475014117036, 0.03198335461487198, 0.03222754119376714, 0.032278413397703626, 0.032283500618097274, 0.032120709565500505, 0.029154860076003073, 0.029154860076003073, 0.029154860076003073, 0.029154860076003073, 0.029154860076003073, 0.029154860076003073, 0.029154860076003073, 0.029154860076003073, 0.029154860076003073, 0.029154860076003073, 0.029154860076003073, 0.029154860076003073, 0.029154860076003073, 0.029154860076003073, 0.029154860076003073, 0.029154860076003073, 0.029083638990491986]
bkt_dst_nodes_list = self.get_in_degree_bucketing() spend:  0.013074398040771484
self.gen_batches_seeds_list(bkt_dst_nodes_list_local) spend  0.12756633758544922
self.has_zero_indegree_seeds  False
num_output  196571
self.output_nids  196571
output nodes length match
global output equals  True
partition total batch output list spend :  6.683128356933594
self.buckets_partition() spend  sec:  0.14066004753112793
epoch  3
the output layer 
self.num_batch (get_in_degree_bucketing) 32
get_in_degree_bucketing dst global nid length 196571
len(bkt)  173
len(bkt)  221
len(bkt)  374
len(bkt)  456
len(bkt)  445
len(bkt)  550
len(bkt)  655
len(bkt)  512
len(bkt)  576
len(bkt)  640
len(bkt)  624
len(bkt)  583
len(bkt)  615
len(bkt)  695
len(bkt)  673
len(bkt)  614
len(bkt)  556
len(bkt)  604
len(bkt)  584
len(bkt)  572
len(bkt)  586
len(bkt)  592
len(bkt)  648
len(bkt)  645
len(bkt)  183378
total indegree bucketing result ,  196571
the number of total output nodes match :) 
local nids of zero in-degree  []
bucket partitioner: bkt_dst_nodes_list_local length  25
---||-----||-----||-----||-----||-----||-----||-----||-----||-----||-----||-----||-----||-----||-----||-----||-----||-----||-----||-----||--
self.num_batch,  32
type of fanout_dst_nids  <class 'torch.Tensor'>
sum(estimated_mem)
27.023624836713726
24
the last batch value is  1028
G_BUCKET_ID_list [[22], [6, 5, 3, 1], [21, 0], [23], [13, 9], [14, 7, 2], [10, 8, 4], [20], [18], [19], [16], [17], [15], [12], [11]]
G_BUCKET_ID_list length 15
backpack scheduling spend  0.12871050834655762
len(g_bucket_nids_list)  15
len(local_split_batches_nid_list)  32
current group_mem  2.232189497508864
current group_mem  1.3068242388952873
current group_mem  2.2282285622209037
current group_mem  2.223171411479282
current group_mem  2.2199646769036976
current group_mem  2.2155376024494022
current group_mem  2.1752215580623586
current group_mem  1.920127067184496
current group_mem  1.793769060001223
current group_mem  1.6766132844613435
current group_mem  1.6565154083265854
current group_mem  1.5991467489715145
current group_mem  1.4645761989081698
current group_mem  1.2832128918560093
current group_mem  1.0285266294845892
batches output list generation spend  0.0005898475646972656
self.weights_list  [0.0324513788910877, 0.038729008856850704, 0.03304658367714464, 0.032436117229906754, 0.03594629930152464, 0.03708583666970204, 0.037523337623555864, 0.03213597122668145, 0.03212579678589415, 0.03206475014117036, 0.03198335461487198, 0.03222754119376714, 0.032278413397703626, 0.032283500618097274, 0.032120709565500505, 0.029154860076003073, 0.029154860076003073, 0.029154860076003073, 0.029154860076003073, 0.029154860076003073, 0.029154860076003073, 0.029154860076003073, 0.029154860076003073, 0.029154860076003073, 0.029154860076003073, 0.029154860076003073, 0.029154860076003073, 0.029154860076003073, 0.029154860076003073, 0.029154860076003073, 0.029154860076003073, 0.029083638990491986]
bkt_dst_nodes_list = self.get_in_degree_bucketing() spend:  0.014598608016967773
self.gen_batches_seeds_list(bkt_dst_nodes_list_local) spend  0.12957072257995605
self.has_zero_indegree_seeds  False
num_output  196571
self.output_nids  196571
output nodes length match
global output equals  True
partition total batch output list spend :  6.748297214508057
self.buckets_partition() spend  sec:  0.14418601989746094
epoch  4
the output layer 
self.num_batch (get_in_degree_bucketing) 32
get_in_degree_bucketing dst global nid length 196571
len(bkt)  173
len(bkt)  221
len(bkt)  374
len(bkt)  456
len(bkt)  445
len(bkt)  550
len(bkt)  655
len(bkt)  512
len(bkt)  576
len(bkt)  640
len(bkt)  624
len(bkt)  583
len(bkt)  615
len(bkt)  695
len(bkt)  673
len(bkt)  614
len(bkt)  556
len(bkt)  604
len(bkt)  584
len(bkt)  572
len(bkt)  586
len(bkt)  592
len(bkt)  648
len(bkt)  645
len(bkt)  183378
total indegree bucketing result ,  196571
the number of total output nodes match :) 
local nids of zero in-degree  []
bucket partitioner: bkt_dst_nodes_list_local length  25
---||-----||-----||-----||-----||-----||-----||-----||-----||-----||-----||-----||-----||-----||-----||-----||-----||-----||-----||-----||--
self.num_batch,  32
type of fanout_dst_nids  <class 'torch.Tensor'>
sum(estimated_mem)
27.023624836713726
24
the last batch value is  1028
G_BUCKET_ID_list [[22], [6, 5, 3, 1], [21, 0], [23], [13, 9], [14, 7, 2], [10, 8, 4], [20], [18], [19], [16], [17], [15], [12], [11]]
G_BUCKET_ID_list length 15
backpack scheduling spend  0.3072226047515869
len(g_bucket_nids_list)  15
len(local_split_batches_nid_list)  32
current group_mem  2.232189497508864
current group_mem  1.3068242388952873
current group_mem  2.2282285622209037
current group_mem  2.223171411479282
current group_mem  2.2199646769036976
current group_mem  2.2155376024494022
current group_mem  2.1752215580623586
current group_mem  1.920127067184496
current group_mem  1.793769060001223
current group_mem  1.6766132844613435
current group_mem  1.6565154083265854
current group_mem  1.5991467489715145
current group_mem  1.4645761989081698
current group_mem  1.2832128918560093
current group_mem  1.0285266294845892
batches output list generation spend  0.0008425712585449219
self.weights_list  [0.0324513788910877, 0.038729008856850704, 0.03304658367714464, 0.032436117229906754, 0.03594629930152464, 0.03708583666970204, 0.037523337623555864, 0.03213597122668145, 0.03212579678589415, 0.03206475014117036, 0.03198335461487198, 0.03222754119376714, 0.032278413397703626, 0.032283500618097274, 0.032120709565500505, 0.029154860076003073, 0.029154860076003073, 0.029154860076003073, 0.029154860076003073, 0.029154860076003073, 0.029154860076003073, 0.029154860076003073, 0.029154860076003073, 0.029154860076003073, 0.029154860076003073, 0.029154860076003073, 0.029154860076003073, 0.029154860076003073, 0.029154860076003073, 0.029154860076003073, 0.029154860076003073, 0.029083638990491986]
bkt_dst_nodes_list = self.get_in_degree_bucketing() spend:  0.014145135879516602
self.gen_batches_seeds_list(bkt_dst_nodes_list_local) spend  0.3083181381225586
self.has_zero_indegree_seeds  False
num_output  196571
self.output_nids  196571
output nodes length match
global output equals  True
partition total batch output list spend :  6.8114259243011475
self.buckets_partition() spend  sec:  0.3224833011627197
epoch  5
the output layer 
self.num_batch (get_in_degree_bucketing) 32
get_in_degree_bucketing dst global nid length 196571
len(bkt)  173
len(bkt)  221
len(bkt)  374
len(bkt)  456
len(bkt)  445
len(bkt)  550
len(bkt)  655
len(bkt)  512
len(bkt)  576
len(bkt)  640
len(bkt)  624
len(bkt)  583
len(bkt)  615
len(bkt)  695
len(bkt)  673
len(bkt)  614
len(bkt)  556
len(bkt)  604
len(bkt)  584
len(bkt)  572
len(bkt)  586
len(bkt)  592
len(bkt)  648
len(bkt)  645
len(bkt)  183378
total indegree bucketing result ,  196571
the number of total output nodes match :) 
local nids of zero in-degree  []
bucket partitioner: bkt_dst_nodes_list_local length  25
---||-----||-----||-----||-----||-----||-----||-----||-----||-----||-----||-----||-----||-----||-----||-----||-----||-----||-----||-----||--
self.num_batch,  32
type of fanout_dst_nids  <class 'torch.Tensor'>
sum(estimated_mem)
27.023624836713726
24
the last batch value is  1028
G_BUCKET_ID_list [[22], [6, 5, 3, 1], [21, 0], [23], [13, 9], [14, 7, 2], [10, 8, 4], [20], [18], [19], [16], [17], [15], [12], [11]]
G_BUCKET_ID_list length 15
backpack scheduling spend  0.12554001808166504
len(g_bucket_nids_list)  15
len(local_split_batches_nid_list)  32
current group_mem  2.232189497508864
current group_mem  1.3068242388952873
current group_mem  2.2282285622209037
current group_mem  2.223171411479282
current group_mem  2.2199646769036976
current group_mem  2.2155376024494022
current group_mem  2.1752215580623586
current group_mem  1.920127067184496
current group_mem  1.793769060001223
current group_mem  1.6766132844613435
current group_mem  1.6565154083265854
current group_mem  1.5991467489715145
current group_mem  1.4645761989081698
current group_mem  1.2832128918560093
current group_mem  1.0285266294845892
batches output list generation spend  0.0005238056182861328
self.weights_list  [0.0324513788910877, 0.038729008856850704, 0.03304658367714464, 0.032436117229906754, 0.03594629930152464, 0.03708583666970204, 0.037523337623555864, 0.03213597122668145, 0.03212579678589415, 0.03206475014117036, 0.03198335461487198, 0.03222754119376714, 0.032278413397703626, 0.032283500618097274, 0.032120709565500505, 0.029154860076003073, 0.029154860076003073, 0.029154860076003073, 0.029154860076003073, 0.029154860076003073, 0.029154860076003073, 0.029154860076003073, 0.029154860076003073, 0.029154860076003073, 0.029154860076003073, 0.029154860076003073, 0.029154860076003073, 0.029154860076003073, 0.029154860076003073, 0.029154860076003073, 0.029154860076003073, 0.029083638990491986]
bkt_dst_nodes_list = self.get_in_degree_bucketing() spend:  0.013240337371826172
self.gen_batches_seeds_list(bkt_dst_nodes_list_local) spend  0.12625765800476074
self.has_zero_indegree_seeds  False
num_output  196571
self.output_nids  196571
output nodes length match
global output equals  True
partition total batch output list spend :  6.663172006607056
self.buckets_partition() spend  sec:  0.13952040672302246
epoch  6
the output layer 
self.num_batch (get_in_degree_bucketing) 32
get_in_degree_bucketing dst global nid length 196571
len(bkt)  173
len(bkt)  221
len(bkt)  374
len(bkt)  456
len(bkt)  445
len(bkt)  550
len(bkt)  655
len(bkt)  512
len(bkt)  576
len(bkt)  640
len(bkt)  624
len(bkt)  583
len(bkt)  615
len(bkt)  695
len(bkt)  673
len(bkt)  614
len(bkt)  556
len(bkt)  604
len(bkt)  584
len(bkt)  572
len(bkt)  586
len(bkt)  592
len(bkt)  648
len(bkt)  645
len(bkt)  183378
total indegree bucketing result ,  196571
the number of total output nodes match :) 
local nids of zero in-degree  []
bucket partitioner: bkt_dst_nodes_list_local length  25
---||-----||-----||-----||-----||-----||-----||-----||-----||-----||-----||-----||-----||-----||-----||-----||-----||-----||-----||-----||--
self.num_batch,  32
type of fanout_dst_nids  <class 'torch.Tensor'>
sum(estimated_mem)
27.023624836713726
24
the last batch value is  1028
G_BUCKET_ID_list [[22], [6, 5, 3, 1], [21, 0], [23], [13, 9], [14, 7, 2], [10, 8, 4], [20], [18], [19], [16], [17], [15], [12], [11]]
G_BUCKET_ID_list length 15
backpack scheduling spend  0.12718415260314941
len(g_bucket_nids_list)  15
len(local_split_batches_nid_list)  32
current group_mem  2.232189497508864
current group_mem  1.3068242388952873
current group_mem  2.2282285622209037
current group_mem  2.223171411479282
current group_mem  2.2199646769036976
current group_mem  2.2155376024494022
current group_mem  2.1752215580623586
current group_mem  1.920127067184496
current group_mem  1.793769060001223
current group_mem  1.6766132844613435
current group_mem  1.6565154083265854
current group_mem  1.5991467489715145
current group_mem  1.4645761989081698
current group_mem  1.2832128918560093
current group_mem  1.0285266294845892
batches output list generation spend  0.0005018711090087891
self.weights_list  [0.0324513788910877, 0.038729008856850704, 0.03304658367714464, 0.032436117229906754, 0.03594629930152464, 0.03708583666970204, 0.037523337623555864, 0.03213597122668145, 0.03212579678589415, 0.03206475014117036, 0.03198335461487198, 0.03222754119376714, 0.032278413397703626, 0.032283500618097274, 0.032120709565500505, 0.029154860076003073, 0.029154860076003073, 0.029154860076003073, 0.029154860076003073, 0.029154860076003073, 0.029154860076003073, 0.029154860076003073, 0.029154860076003073, 0.029154860076003073, 0.029154860076003073, 0.029154860076003073, 0.029154860076003073, 0.029154860076003073, 0.029154860076003073, 0.029154860076003073, 0.029154860076003073, 0.029083638990491986]
bkt_dst_nodes_list = self.get_in_degree_bucketing() spend:  0.012147665023803711
self.gen_batches_seeds_list(bkt_dst_nodes_list_local) spend  0.12792277336120605
self.has_zero_indegree_seeds  False
num_output  196571
self.output_nids  196571
output nodes length match
global output equals  True
partition total batch output list spend :  6.838131666183472
self.buckets_partition() spend  sec:  0.1400902271270752
epoch  7
the output layer 
self.num_batch (get_in_degree_bucketing) 32
get_in_degree_bucketing dst global nid length 196571
len(bkt)  173
len(bkt)  221
len(bkt)  374
len(bkt)  456
len(bkt)  445
len(bkt)  550
len(bkt)  655
len(bkt)  512
len(bkt)  576
len(bkt)  640
len(bkt)  624
len(bkt)  583
len(bkt)  615
len(bkt)  695
len(bkt)  673
len(bkt)  614
len(bkt)  556
len(bkt)  604
len(bkt)  584
len(bkt)  572
len(bkt)  586
len(bkt)  592
len(bkt)  648
len(bkt)  645
len(bkt)  183378
total indegree bucketing result ,  196571
the number of total output nodes match :) 
local nids of zero in-degree  []
bucket partitioner: bkt_dst_nodes_list_local length  25
---||-----||-----||-----||-----||-----||-----||-----||-----||-----||-----||-----||-----||-----||-----||-----||-----||-----||-----||-----||--
self.num_batch,  32
type of fanout_dst_nids  <class 'torch.Tensor'>
sum(estimated_mem)
27.023624836713726
24
the last batch value is  1028
G_BUCKET_ID_list [[22], [6, 5, 3, 1], [21, 0], [23], [13, 9], [14, 7, 2], [10, 8, 4], [20], [18], [19], [16], [17], [15], [12], [11]]
G_BUCKET_ID_list length 15
backpack scheduling spend  0.146956205368042
len(g_bucket_nids_list)  15
len(local_split_batches_nid_list)  32
current group_mem  2.232189497508864
current group_mem  1.3068242388952873
current group_mem  2.2282285622209037
current group_mem  2.223171411479282
current group_mem  2.2199646769036976
current group_mem  2.2155376024494022
current group_mem  2.1752215580623586
current group_mem  1.920127067184496
current group_mem  1.793769060001223
current group_mem  1.6766132844613435
current group_mem  1.6565154083265854
current group_mem  1.5991467489715145
current group_mem  1.4645761989081698
current group_mem  1.2832128918560093
current group_mem  1.0285266294845892
batches output list generation spend  0.0006587505340576172
self.weights_list  [0.0324513788910877, 0.038729008856850704, 0.03304658367714464, 0.032436117229906754, 0.03594629930152464, 0.03708583666970204, 0.037523337623555864, 0.03213597122668145, 0.03212579678589415, 0.03206475014117036, 0.03198335461487198, 0.03222754119376714, 0.032278413397703626, 0.032283500618097274, 0.032120709565500505, 0.029154860076003073, 0.029154860076003073, 0.029154860076003073, 0.029154860076003073, 0.029154860076003073, 0.029154860076003073, 0.029154860076003073, 0.029154860076003073, 0.029154860076003073, 0.029154860076003073, 0.029154860076003073, 0.029154860076003073, 0.029154860076003073, 0.029154860076003073, 0.029154860076003073, 0.029154860076003073, 0.029083638990491986]
bkt_dst_nodes_list = self.get_in_degree_bucketing() spend:  0.014393091201782227
self.gen_batches_seeds_list(bkt_dst_nodes_list_local) spend  0.14789080619812012
self.has_zero_indegree_seeds  False
num_output  196571
self.output_nids  196571
output nodes length match
global output equals  True
partition total batch output list spend :  7.9588117599487305
self.buckets_partition() spend  sec:  0.16231513023376465
epoch  8
the output layer 
self.num_batch (get_in_degree_bucketing) 32
get_in_degree_bucketing dst global nid length 196571
len(bkt)  173
len(bkt)  221
len(bkt)  374
len(bkt)  456
len(bkt)  445
len(bkt)  550
len(bkt)  655
len(bkt)  512
len(bkt)  576
len(bkt)  640
len(bkt)  624
len(bkt)  583
len(bkt)  615
len(bkt)  695
len(bkt)  673
len(bkt)  614
len(bkt)  556
len(bkt)  604
len(bkt)  584
len(bkt)  572
len(bkt)  586
len(bkt)  592
len(bkt)  648
len(bkt)  645
len(bkt)  183378
total indegree bucketing result ,  196571
the number of total output nodes match :) 
local nids of zero in-degree  []
bucket partitioner: bkt_dst_nodes_list_local length  25
---||-----||-----||-----||-----||-----||-----||-----||-----||-----||-----||-----||-----||-----||-----||-----||-----||-----||-----||-----||--
self.num_batch,  32
type of fanout_dst_nids  <class 'torch.Tensor'>
sum(estimated_mem)
27.023624836713726
24
the last batch value is  1028
G_BUCKET_ID_list [[22], [6, 5, 3, 1], [21, 0], [23], [13, 9], [14, 7, 2], [10, 8, 4], [20], [18], [19], [16], [17], [15], [12], [11]]
G_BUCKET_ID_list length 15
backpack scheduling spend  0.1502373218536377
len(g_bucket_nids_list)  15
len(local_split_batches_nid_list)  32
current group_mem  2.232189497508864
current group_mem  1.3068242388952873
current group_mem  2.2282285622209037
current group_mem  2.223171411479282
current group_mem  2.2199646769036976
current group_mem  2.2155376024494022
current group_mem  2.1752215580623586
current group_mem  1.920127067184496
current group_mem  1.793769060001223
current group_mem  1.6766132844613435
current group_mem  1.6565154083265854
current group_mem  1.5991467489715145
current group_mem  1.4645761989081698
current group_mem  1.2832128918560093
current group_mem  1.0285266294845892
batches output list generation spend  0.0009951591491699219
self.weights_list  [0.0324513788910877, 0.038729008856850704, 0.03304658367714464, 0.032436117229906754, 0.03594629930152464, 0.03708583666970204, 0.037523337623555864, 0.03213597122668145, 0.03212579678589415, 0.03206475014117036, 0.03198335461487198, 0.03222754119376714, 0.032278413397703626, 0.032283500618097274, 0.032120709565500505, 0.029154860076003073, 0.029154860076003073, 0.029154860076003073, 0.029154860076003073, 0.029154860076003073, 0.029154860076003073, 0.029154860076003073, 0.029154860076003073, 0.029154860076003073, 0.029154860076003073, 0.029154860076003073, 0.029154860076003073, 0.029154860076003073, 0.029154860076003073, 0.029154860076003073, 0.029154860076003073, 0.029083638990491986]
bkt_dst_nodes_list = self.get_in_degree_bucketing() spend:  0.012862205505371094
self.gen_batches_seeds_list(bkt_dst_nodes_list_local) spend  0.1515827178955078
self.has_zero_indegree_seeds  False
num_output  196571
self.output_nids  196571
output nodes length match
global output equals  True
partition total batch output list spend :  7.257009267807007
self.buckets_partition() spend  sec:  0.16446805000305176
epoch  9
the output layer 
self.num_batch (get_in_degree_bucketing) 32
get_in_degree_bucketing dst global nid length 196571
len(bkt)  173
len(bkt)  221
len(bkt)  374
len(bkt)  456
len(bkt)  445
len(bkt)  550
len(bkt)  655
len(bkt)  512
len(bkt)  576
len(bkt)  640
len(bkt)  624
len(bkt)  583
len(bkt)  615
len(bkt)  695
len(bkt)  673
len(bkt)  614
len(bkt)  556
len(bkt)  604
len(bkt)  584
len(bkt)  572
len(bkt)  586
len(bkt)  592
len(bkt)  648
len(bkt)  645
len(bkt)  183378
total indegree bucketing result ,  196571
the number of total output nodes match :) 
local nids of zero in-degree  []
bucket partitioner: bkt_dst_nodes_list_local length  25
---||-----||-----||-----||-----||-----||-----||-----||-----||-----||-----||-----||-----||-----||-----||-----||-----||-----||-----||-----||--
self.num_batch,  32
type of fanout_dst_nids  <class 'torch.Tensor'>
sum(estimated_mem)
27.023624836713726
24
the last batch value is  1028
G_BUCKET_ID_list [[22], [6, 5, 3, 1], [21, 0], [23], [13, 9], [14, 7, 2], [10, 8, 4], [20], [18], [19], [16], [17], [15], [12], [11]]
G_BUCKET_ID_list length 15
backpack scheduling spend  0.13106274604797363
len(g_bucket_nids_list)  15
len(local_split_batches_nid_list)  32
current group_mem  2.232189497508864
current group_mem  1.3068242388952873
current group_mem  2.2282285622209037
current group_mem  2.223171411479282
current group_mem  2.2199646769036976
current group_mem  2.2155376024494022
current group_mem  2.1752215580623586
current group_mem  1.920127067184496
current group_mem  1.793769060001223
current group_mem  1.6766132844613435
current group_mem  1.6565154083265854
current group_mem  1.5991467489715145
current group_mem  1.4645761989081698
current group_mem  1.2832128918560093
current group_mem  1.0285266294845892
batches output list generation spend  0.0007843971252441406
self.weights_list  [0.0324513788910877, 0.038729008856850704, 0.03304658367714464, 0.032436117229906754, 0.03594629930152464, 0.03708583666970204, 0.037523337623555864, 0.03213597122668145, 0.03212579678589415, 0.03206475014117036, 0.03198335461487198, 0.03222754119376714, 0.032278413397703626, 0.032283500618097274, 0.032120709565500505, 0.029154860076003073, 0.029154860076003073, 0.029154860076003073, 0.029154860076003073, 0.029154860076003073, 0.029154860076003073, 0.029154860076003073, 0.029154860076003073, 0.029154860076003073, 0.029154860076003073, 0.029154860076003073, 0.029154860076003073, 0.029154860076003073, 0.029154860076003073, 0.029154860076003073, 0.029154860076003073, 0.029083638990491986]
bkt_dst_nodes_list = self.get_in_degree_bucketing() spend:  0.013897418975830078
self.gen_batches_seeds_list(bkt_dst_nodes_list_local) spend  0.13207006454467773
self.has_zero_indegree_seeds  False
num_output  196571
self.output_nids  196571
output nodes length match
global output equals  True
partition total batch output list spend :  7.666008710861206
self.buckets_partition() spend  sec:  0.14600753784179688
 data loader gen time  [20.92212986946106, 20.761937618255615, 20.13222098350525, 21.29580807685852, 21.077128171920776, 20.93786311149597, 23.65053391456604, 24.61406707763672, 23.206565618515015, 23.251947164535522]
	---backpack schedule time  [6.8853771686553955, 6.845109462738037, 6.754927635192871, 6.841132879257202, 6.888113737106323, 6.742955446243286, 6.907468795776367, 8.029152870178223, 7.332454204559326, 7.7372541427612305]
	---connection_check_time_list  [7.5550901889801025, 7.640941619873047, 6.858642578125, 7.660625219345093, 7.345325231552124, 7.474233150482178, 9.629729747772217, 9.228524208068848, 8.78771686553955, 8.413482189178467]
	---block_gen_time_list  [5.74278998374939, 5.5351035594940186, 5.79971718788147, 6.08720064163208, 6.166051387786865, 6.014259099960327, 6.375227689743042, 6.56821346282959, 6.299211502075195, 6.225841999053955]
 
data loader gen time avg 22.789684176445007
	---backpack schedule time avg 7.272899866104126
	---connection_check_time avg  8.479835232098898
	---block_gen_time avg  6.274800856908162
