main start at this time 1735052116.8297353
-----------------------------------------before load data 
 Nvidia-smi: 0.3560791015625 GB
    Memory Allocated: 0.0  GigaBytes
Max Memory Allocated: 0.0  GigaBytes

#nodes: 2449029
#edges: 123718024
#classes: 47
success----------------------------------------
# Nodes: 2400608
# Edges: 123718024
# Train: 196571
# Val: 39255
# Test: 2164782
# Classes: 47

----------------------------------------start of run function 
 Nvidia-smi: 0.3560791015625 GB
    Memory Allocated: 0.0  GigaBytes
Max Memory Allocated: 0.0  GigaBytes

epoch  0
the output layer 
self.num_batch (get_in_degree_bucketing) 16
get_in_degree_bucketing dst global nid length 196571
len(bkt)  173
len(bkt)  221
len(bkt)  374
len(bkt)  456
len(bkt)  445
len(bkt)  550
len(bkt)  655
len(bkt)  512
len(bkt)  576
len(bkt)  640
len(bkt)  624
len(bkt)  583
len(bkt)  615
len(bkt)  695
len(bkt)  673
len(bkt)  614
len(bkt)  556
len(bkt)  604
len(bkt)  584
len(bkt)  572
len(bkt)  586
len(bkt)  592
len(bkt)  648
len(bkt)  645
len(bkt)  183378
total indegree bucketing result ,  196571
the number of total output nodes match :) 
local nids of zero in-degree  []
bucket partitioner: bkt_dst_nodes_list_local length  25
---||-----||-----||-----||-----||-----||-----||-----||-----||-----||-----||-----||-----||-----||-----||-----||-----||-----||-----||-----||--
self.num_batch,  16
type of fanout_dst_nids  <class 'torch.Tensor'>
sum(estimated_mem)
27.023624836713726
24
the last batch value is  1028
G_BUCKET_ID_list [[22], [6, 5, 3, 1], [21, 0], [23], [13, 9], [14, 7, 2], [10, 8, 4], [20], [18], [19], [16], [17], [15], [12], [11]]
G_BUCKET_ID_list length 15
backpack scheduling spend  0.12766575813293457
len(g_bucket_nids_list)  15
len(local_split_batches_nid_list)  16
current group_mem  2.232189497508864
current group_mem  1.3068242388952873
current group_mem  2.2282285622209037
current group_mem  2.223171411479282
current group_mem  2.2199646769036976
current group_mem  2.2155376024494022
current group_mem  2.1752215580623586
current group_mem  1.920127067184496
current group_mem  1.793769060001223
current group_mem  1.6766132844613435
current group_mem  1.6565154083265854
current group_mem  1.5991467489715145
current group_mem  1.4645761989081698
current group_mem  1.2832128918560093
current group_mem  1.0285266294845892
batches output list generation spend  0.00045037269592285156
self.weights_list  [0.06160623896709077, 0.06788386893285378, 0.06220144375314772, 0.06159097730590982, 0.06510115937752771, 0.06624069674570511, 0.06667819769955893, 0.06129083130268453, 0.06128065686189723, 0.06121961021717344, 0.061138214690875055, 0.06138240126977021, 0.0614332734737067, 0.06143836069410035, 0.06127556964150358, 0.05823849906649506]
bkt_dst_nodes_list = self.get_in_degree_bucketing() spend:  0.01606154441833496
self.gen_batches_seeds_list(bkt_dst_nodes_list_local) spend  0.12841796875
self.has_zero_indegree_seeds  False
num_output  196571
self.output_nids  196571
output nodes length match
global output equals  True
partition total batch output list spend :  3.302074432373047
self.buckets_partition() spend  sec:  0.144517183303833
epoch  1
the output layer 
self.num_batch (get_in_degree_bucketing) 16
get_in_degree_bucketing dst global nid length 196571
len(bkt)  173
len(bkt)  221
len(bkt)  374
len(bkt)  456
len(bkt)  445
len(bkt)  550
len(bkt)  655
len(bkt)  512
len(bkt)  576
len(bkt)  640
len(bkt)  624
len(bkt)  583
len(bkt)  615
len(bkt)  695
len(bkt)  673
len(bkt)  614
len(bkt)  556
len(bkt)  604
len(bkt)  584
len(bkt)  572
len(bkt)  586
len(bkt)  592
len(bkt)  648
len(bkt)  645
len(bkt)  183378
total indegree bucketing result ,  196571
the number of total output nodes match :) 
local nids of zero in-degree  []
bucket partitioner: bkt_dst_nodes_list_local length  25
---||-----||-----||-----||-----||-----||-----||-----||-----||-----||-----||-----||-----||-----||-----||-----||-----||-----||-----||-----||--
self.num_batch,  16
type of fanout_dst_nids  <class 'torch.Tensor'>
sum(estimated_mem)
27.023624836713726
24
the last batch value is  1028
G_BUCKET_ID_list [[22], [6, 5, 3, 1], [21, 0], [23], [13, 9], [14, 7, 2], [10, 8, 4], [20], [18], [19], [16], [17], [15], [12], [11]]
G_BUCKET_ID_list length 15
backpack scheduling spend  0.1191556453704834
len(g_bucket_nids_list)  15
len(local_split_batches_nid_list)  16
current group_mem  2.232189497508864
current group_mem  1.3068242388952873
current group_mem  2.2282285622209037
current group_mem  2.223171411479282
current group_mem  2.2199646769036976
current group_mem  2.2155376024494022
current group_mem  2.1752215580623586
current group_mem  1.920127067184496
current group_mem  1.793769060001223
current group_mem  1.6766132844613435
current group_mem  1.6565154083265854
current group_mem  1.5991467489715145
current group_mem  1.4645761989081698
current group_mem  1.2832128918560093
current group_mem  1.0285266294845892
batches output list generation spend  0.0013401508331298828
self.weights_list  [0.06160623896709077, 0.06788386893285378, 0.06220144375314772, 0.06159097730590982, 0.06510115937752771, 0.06624069674570511, 0.06667819769955893, 0.06129083130268453, 0.06128065686189723, 0.06121961021717344, 0.061138214690875055, 0.06138240126977021, 0.0614332734737067, 0.06143836069410035, 0.06127556964150358, 0.05823849906649506]
bkt_dst_nodes_list = self.get_in_degree_bucketing() spend:  0.011891841888427734
self.gen_batches_seeds_list(bkt_dst_nodes_list_local) spend  0.12073254585266113
self.has_zero_indegree_seeds  False
num_output  196571
self.output_nids  196571
output nodes length match
global output equals  True
partition total batch output list spend :  3.1664633750915527
self.buckets_partition() spend  sec:  0.1326439380645752
epoch  2
the output layer 
self.num_batch (get_in_degree_bucketing) 16
get_in_degree_bucketing dst global nid length 196571
len(bkt)  173
len(bkt)  221
len(bkt)  374
len(bkt)  456
len(bkt)  445
len(bkt)  550
len(bkt)  655
len(bkt)  512
len(bkt)  576
len(bkt)  640
len(bkt)  624
len(bkt)  583
len(bkt)  615
len(bkt)  695
len(bkt)  673
len(bkt)  614
len(bkt)  556
len(bkt)  604
len(bkt)  584
len(bkt)  572
len(bkt)  586
len(bkt)  592
len(bkt)  648
len(bkt)  645
len(bkt)  183378
total indegree bucketing result ,  196571
the number of total output nodes match :) 
local nids of zero in-degree  []
bucket partitioner: bkt_dst_nodes_list_local length  25
---||-----||-----||-----||-----||-----||-----||-----||-----||-----||-----||-----||-----||-----||-----||-----||-----||-----||-----||-----||--
self.num_batch,  16
type of fanout_dst_nids  <class 'torch.Tensor'>
sum(estimated_mem)
27.023624836713726
24
the last batch value is  1028
G_BUCKET_ID_list [[22], [6, 5, 3, 1], [21, 0], [23], [13, 9], [14, 7, 2], [10, 8, 4], [20], [18], [19], [16], [17], [15], [12], [11]]
G_BUCKET_ID_list length 15
backpack scheduling spend  0.12147903442382812
len(g_bucket_nids_list)  15
len(local_split_batches_nid_list)  16
current group_mem  2.232189497508864
current group_mem  1.3068242388952873
current group_mem  2.2282285622209037
current group_mem  2.223171411479282
current group_mem  2.2199646769036976
current group_mem  2.2155376024494022
current group_mem  2.1752215580623586
current group_mem  1.920127067184496
current group_mem  1.793769060001223
current group_mem  1.6766132844613435
current group_mem  1.6565154083265854
current group_mem  1.5991467489715145
current group_mem  1.4645761989081698
current group_mem  1.2832128918560093
current group_mem  1.0285266294845892
batches output list generation spend  0.0008840560913085938
self.weights_list  [0.06160623896709077, 0.06788386893285378, 0.06220144375314772, 0.06159097730590982, 0.06510115937752771, 0.06624069674570511, 0.06667819769955893, 0.06129083130268453, 0.06128065686189723, 0.06121961021717344, 0.061138214690875055, 0.06138240126977021, 0.0614332734737067, 0.06143836069410035, 0.06127556964150358, 0.05823849906649506]
bkt_dst_nodes_list = self.get_in_degree_bucketing() spend:  0.012599945068359375
self.gen_batches_seeds_list(bkt_dst_nodes_list_local) spend  0.12257599830627441
self.has_zero_indegree_seeds  False
num_output  196571
self.output_nids  196571
output nodes length match
global output equals  True
partition total batch output list spend :  3.200315237045288
self.buckets_partition() spend  sec:  0.13520026206970215
epoch  3
the output layer 
self.num_batch (get_in_degree_bucketing) 16
get_in_degree_bucketing dst global nid length 196571
len(bkt)  173
len(bkt)  221
len(bkt)  374
len(bkt)  456
len(bkt)  445
len(bkt)  550
len(bkt)  655
len(bkt)  512
len(bkt)  576
len(bkt)  640
len(bkt)  624
len(bkt)  583
len(bkt)  615
len(bkt)  695
len(bkt)  673
len(bkt)  614
len(bkt)  556
len(bkt)  604
len(bkt)  584
len(bkt)  572
len(bkt)  586
len(bkt)  592
len(bkt)  648
len(bkt)  645
len(bkt)  183378
total indegree bucketing result ,  196571
the number of total output nodes match :) 
local nids of zero in-degree  []
bucket partitioner: bkt_dst_nodes_list_local length  25
---||-----||-----||-----||-----||-----||-----||-----||-----||-----||-----||-----||-----||-----||-----||-----||-----||-----||-----||-----||--
self.num_batch,  16
type of fanout_dst_nids  <class 'torch.Tensor'>
sum(estimated_mem)
27.023624836713726
24
the last batch value is  1028
G_BUCKET_ID_list [[22], [6, 5, 3, 1], [21, 0], [23], [13, 9], [14, 7, 2], [10, 8, 4], [20], [18], [19], [16], [17], [15], [12], [11]]
G_BUCKET_ID_list length 15
backpack scheduling spend  0.11866641044616699
len(g_bucket_nids_list)  15
len(local_split_batches_nid_list)  16
current group_mem  2.232189497508864
current group_mem  1.3068242388952873
current group_mem  2.2282285622209037
current group_mem  2.223171411479282
current group_mem  2.2199646769036976
current group_mem  2.2155376024494022
current group_mem  2.1752215580623586
current group_mem  1.920127067184496
current group_mem  1.793769060001223
current group_mem  1.6766132844613435
current group_mem  1.6565154083265854
current group_mem  1.5991467489715145
current group_mem  1.4645761989081698
current group_mem  1.2832128918560093
current group_mem  1.0285266294845892
batches output list generation spend  0.0009191036224365234
self.weights_list  [0.06160623896709077, 0.06788386893285378, 0.06220144375314772, 0.06159097730590982, 0.06510115937752771, 0.06624069674570511, 0.06667819769955893, 0.06129083130268453, 0.06128065686189723, 0.06121961021717344, 0.061138214690875055, 0.06138240126977021, 0.0614332734737067, 0.06143836069410035, 0.06127556964150358, 0.05823849906649506]
bkt_dst_nodes_list = self.get_in_degree_bucketing() spend:  0.014035224914550781
self.gen_batches_seeds_list(bkt_dst_nodes_list_local) spend  0.11979413032531738
self.has_zero_indegree_seeds  False
num_output  196571
self.output_nids  196571
output nodes length match
global output equals  True
partition total batch output list spend :  3.1829559803009033
self.buckets_partition() spend  sec:  0.1338484287261963
 data loader gen time  [15.612304449081421, 14.801978349685669, 14.345805883407593, 16.870546102523804]
	---backpack schedule time  [3.377251625061035, 3.240661144256592, 3.2717676162719727, 3.25525164604187]
	---connection_check_time_list  [8.178200006484985, 7.5255231857299805, 7.0037360191345215, 9.359325647354126]
	---block_gen_time_list  [3.360807180404663, 3.3569819927215576, 3.391104221343994, 3.6038668155670166]

 data loader gen time avg 15.608175992965698
	---backpack schedule time avg 3.2635096311569214
	---connection check (sec)  8.181530833244324
	---block construction (sec)  3.4974855184555054
