main start at this time 1735052273.9279885
-----------------------------------------before load data 
 Nvidia-smi: 0.3560791015625 GB
    Memory Allocated: 0.0  GigaBytes
Max Memory Allocated: 0.0  GigaBytes

#nodes: 2449029
#edges: 123718024
#classes: 47
success----------------------------------------
# Nodes: 2400608
# Edges: 123718024
# Train: 196571
# Val: 39255
# Test: 2164782
# Classes: 47

----------------------------------------start of run function 
 Nvidia-smi: 0.3560791015625 GB
    Memory Allocated: 0.0  GigaBytes
Max Memory Allocated: 0.0  GigaBytes

epoch  0
the output layer 
self.num_batch (get_in_degree_bucketing) 24
get_in_degree_bucketing dst global nid length 196571
len(bkt)  173
len(bkt)  221
len(bkt)  374
len(bkt)  456
len(bkt)  445
len(bkt)  550
len(bkt)  655
len(bkt)  512
len(bkt)  576
len(bkt)  640
len(bkt)  624
len(bkt)  583
len(bkt)  615
len(bkt)  695
len(bkt)  673
len(bkt)  614
len(bkt)  556
len(bkt)  604
len(bkt)  584
len(bkt)  572
len(bkt)  586
len(bkt)  592
len(bkt)  648
len(bkt)  645
len(bkt)  183378
total indegree bucketing result ,  196571
the number of total output nodes match :) 
local nids of zero in-degree  []
bucket partitioner: bkt_dst_nodes_list_local length  25
---||-----||-----||-----||-----||-----||-----||-----||-----||-----||-----||-----||-----||-----||-----||-----||-----||-----||-----||-----||--
self.num_batch,  24
type of fanout_dst_nids  <class 'torch.Tensor'>
sum(estimated_mem)
27.023624836713726
24
the last batch value is  1028
G_BUCKET_ID_list [[22], [6, 5, 3, 1], [21, 0], [23], [13, 9], [14, 7, 2], [10, 8, 4], [20], [18], [19], [16], [17], [15], [12], [11]]
G_BUCKET_ID_list length 15
backpack scheduling spend  0.12087798118591309
len(g_bucket_nids_list)  15
len(local_split_batches_nid_list)  24
current group_mem  2.232189497508864
current group_mem  1.3068242388952873
current group_mem  2.2282285622209037
current group_mem  2.223171411479282
current group_mem  2.2199646769036976
current group_mem  2.2155376024494022
current group_mem  2.1752215580623586
current group_mem  1.920127067184496
current group_mem  1.793769060001223
current group_mem  1.6766132844613435
current group_mem  1.6565154083265854
current group_mem  1.5991467489715145
current group_mem  1.4645761989081698
current group_mem  1.2832128918560093
current group_mem  1.0285266294845892
batches output list generation spend  0.000240325927734375
self.weights_list  [0.04216796984295751, 0.04844559980872051, 0.04276317462901445, 0.042152708181776556, 0.04566289025339445, 0.04680242762157185, 0.04723992857542567, 0.04185256217855126, 0.04184238773776396, 0.04178134109304017, 0.04169994556674179, 0.04194413214563694, 0.041995004349573435, 0.042000091569967084, 0.041837300517370314, 0.03887145102787288, 0.03887145102787288, 0.03887145102787288, 0.03887145102787288, 0.03887145102787288, 0.03887145102787288, 0.03887145102787288, 0.03887145102787288, 0.03884092770551099]
bkt_dst_nodes_list = self.get_in_degree_bucketing() spend:  0.011881828308105469
self.gen_batches_seeds_list(bkt_dst_nodes_list_local) spend  0.12135672569274902
self.has_zero_indegree_seeds  False
num_output  196571
self.output_nids  196571
output nodes length match
global output equals  True
partition total batch output list spend :  4.728978633880615
self.buckets_partition() spend  sec:  0.1332569122314453
epoch  1
the output layer 
self.num_batch (get_in_degree_bucketing) 24
get_in_degree_bucketing dst global nid length 196571
len(bkt)  173
len(bkt)  221
len(bkt)  374
len(bkt)  456
len(bkt)  445
len(bkt)  550
len(bkt)  655
len(bkt)  512
len(bkt)  576
len(bkt)  640
len(bkt)  624
len(bkt)  583
len(bkt)  615
len(bkt)  695
len(bkt)  673
len(bkt)  614
len(bkt)  556
len(bkt)  604
len(bkt)  584
len(bkt)  572
len(bkt)  586
len(bkt)  592
len(bkt)  648
len(bkt)  645
len(bkt)  183378
total indegree bucketing result ,  196571
the number of total output nodes match :) 
local nids of zero in-degree  []
bucket partitioner: bkt_dst_nodes_list_local length  25
---||-----||-----||-----||-----||-----||-----||-----||-----||-----||-----||-----||-----||-----||-----||-----||-----||-----||-----||-----||--
self.num_batch,  24
type of fanout_dst_nids  <class 'torch.Tensor'>
sum(estimated_mem)
27.023624836713726
24
the last batch value is  1028
G_BUCKET_ID_list [[22], [6, 5, 3, 1], [21, 0], [23], [13, 9], [14, 7, 2], [10, 8, 4], [20], [18], [19], [16], [17], [15], [12], [11]]
G_BUCKET_ID_list length 15
backpack scheduling spend  0.12274956703186035
len(g_bucket_nids_list)  15
len(local_split_batches_nid_list)  24
current group_mem  2.232189497508864
current group_mem  1.3068242388952873
current group_mem  2.2282285622209037
current group_mem  2.223171411479282
current group_mem  2.2199646769036976
current group_mem  2.2155376024494022
current group_mem  2.1752215580623586
current group_mem  1.920127067184496
current group_mem  1.793769060001223
current group_mem  1.6766132844613435
current group_mem  1.6565154083265854
current group_mem  1.5991467489715145
current group_mem  1.4645761989081698
current group_mem  1.2832128918560093
current group_mem  1.0285266294845892
batches output list generation spend  0.0008153915405273438
self.weights_list  [0.04216796984295751, 0.04844559980872051, 0.04276317462901445, 0.042152708181776556, 0.04566289025339445, 0.04680242762157185, 0.04723992857542567, 0.04185256217855126, 0.04184238773776396, 0.04178134109304017, 0.04169994556674179, 0.04194413214563694, 0.041995004349573435, 0.042000091569967084, 0.041837300517370314, 0.03887145102787288, 0.03887145102787288, 0.03887145102787288, 0.03887145102787288, 0.03887145102787288, 0.03887145102787288, 0.03887145102787288, 0.03887145102787288, 0.03884092770551099]
bkt_dst_nodes_list = self.get_in_degree_bucketing() spend:  0.011505126953125
self.gen_batches_seeds_list(bkt_dst_nodes_list_local) spend  0.12375259399414062
self.has_zero_indegree_seeds  False
num_output  196571
self.output_nids  196571
output nodes length match
global output equals  True
partition total batch output list spend :  4.694698333740234
self.buckets_partition() spend  sec:  0.13527369499206543
epoch  2
the output layer 
self.num_batch (get_in_degree_bucketing) 24
get_in_degree_bucketing dst global nid length 196571
len(bkt)  173
len(bkt)  221
len(bkt)  374
len(bkt)  456
len(bkt)  445
len(bkt)  550
len(bkt)  655
len(bkt)  512
len(bkt)  576
len(bkt)  640
len(bkt)  624
len(bkt)  583
len(bkt)  615
len(bkt)  695
len(bkt)  673
len(bkt)  614
len(bkt)  556
len(bkt)  604
len(bkt)  584
len(bkt)  572
len(bkt)  586
len(bkt)  592
len(bkt)  648
len(bkt)  645
len(bkt)  183378
total indegree bucketing result ,  196571
the number of total output nodes match :) 
local nids of zero in-degree  []
bucket partitioner: bkt_dst_nodes_list_local length  25
---||-----||-----||-----||-----||-----||-----||-----||-----||-----||-----||-----||-----||-----||-----||-----||-----||-----||-----||-----||--
self.num_batch,  24
type of fanout_dst_nids  <class 'torch.Tensor'>
sum(estimated_mem)
27.023624836713726
24
the last batch value is  1028
G_BUCKET_ID_list [[22], [6, 5, 3, 1], [21, 0], [23], [13, 9], [14, 7, 2], [10, 8, 4], [20], [18], [19], [16], [17], [15], [12], [11]]
G_BUCKET_ID_list length 15
backpack scheduling spend  0.11150956153869629
len(g_bucket_nids_list)  15
len(local_split_batches_nid_list)  24
current group_mem  2.232189497508864
current group_mem  1.3068242388952873
current group_mem  2.2282285622209037
current group_mem  2.223171411479282
current group_mem  2.2199646769036976
current group_mem  2.2155376024494022
current group_mem  2.1752215580623586
current group_mem  1.920127067184496
current group_mem  1.793769060001223
current group_mem  1.6766132844613435
current group_mem  1.6565154083265854
current group_mem  1.5991467489715145
current group_mem  1.4645761989081698
current group_mem  1.2832128918560093
current group_mem  1.0285266294845892
batches output list generation spend  0.0005452632904052734
self.weights_list  [0.04216796984295751, 0.04844559980872051, 0.04276317462901445, 0.042152708181776556, 0.04566289025339445, 0.04680242762157185, 0.04723992857542567, 0.04185256217855126, 0.04184238773776396, 0.04178134109304017, 0.04169994556674179, 0.04194413214563694, 0.041995004349573435, 0.042000091569967084, 0.041837300517370314, 0.03887145102787288, 0.03887145102787288, 0.03887145102787288, 0.03887145102787288, 0.03887145102787288, 0.03887145102787288, 0.03887145102787288, 0.03887145102787288, 0.03884092770551099]
bkt_dst_nodes_list = self.get_in_degree_bucketing() spend:  0.009855270385742188
self.gen_batches_seeds_list(bkt_dst_nodes_list_local) spend  0.11233329772949219
self.has_zero_indegree_seeds  False
num_output  196571
self.output_nids  196571
output nodes length match
global output equals  True
partition total batch output list spend :  4.700986623764038
self.buckets_partition() spend  sec:  0.1222066879272461
epoch  3
the output layer 
self.num_batch (get_in_degree_bucketing) 24
get_in_degree_bucketing dst global nid length 196571
len(bkt)  173
len(bkt)  221
len(bkt)  374
len(bkt)  456
len(bkt)  445
len(bkt)  550
len(bkt)  655
len(bkt)  512
len(bkt)  576
len(bkt)  640
len(bkt)  624
len(bkt)  583
len(bkt)  615
len(bkt)  695
len(bkt)  673
len(bkt)  614
len(bkt)  556
len(bkt)  604
len(bkt)  584
len(bkt)  572
len(bkt)  586
len(bkt)  592
len(bkt)  648
len(bkt)  645
len(bkt)  183378
total indegree bucketing result ,  196571
the number of total output nodes match :) 
local nids of zero in-degree  []
bucket partitioner: bkt_dst_nodes_list_local length  25
---||-----||-----||-----||-----||-----||-----||-----||-----||-----||-----||-----||-----||-----||-----||-----||-----||-----||-----||-----||--
self.num_batch,  24
type of fanout_dst_nids  <class 'torch.Tensor'>
sum(estimated_mem)
27.023624836713726
24
the last batch value is  1028
G_BUCKET_ID_list [[22], [6, 5, 3, 1], [21, 0], [23], [13, 9], [14, 7, 2], [10, 8, 4], [20], [18], [19], [16], [17], [15], [12], [11]]
G_BUCKET_ID_list length 15
backpack scheduling spend  0.11900591850280762
len(g_bucket_nids_list)  15
len(local_split_batches_nid_list)  24
current group_mem  2.232189497508864
current group_mem  1.3068242388952873
current group_mem  2.2282285622209037
current group_mem  2.223171411479282
current group_mem  2.2199646769036976
current group_mem  2.2155376024494022
current group_mem  2.1752215580623586
current group_mem  1.920127067184496
current group_mem  1.793769060001223
current group_mem  1.6766132844613435
current group_mem  1.6565154083265854
current group_mem  1.5991467489715145
current group_mem  1.4645761989081698
current group_mem  1.2832128918560093
current group_mem  1.0285266294845892
batches output list generation spend  0.0005035400390625
self.weights_list  [0.04216796984295751, 0.04844559980872051, 0.04276317462901445, 0.042152708181776556, 0.04566289025339445, 0.04680242762157185, 0.04723992857542567, 0.04185256217855126, 0.04184238773776396, 0.04178134109304017, 0.04169994556674179, 0.04194413214563694, 0.041995004349573435, 0.042000091569967084, 0.041837300517370314, 0.03887145102787288, 0.03887145102787288, 0.03887145102787288, 0.03887145102787288, 0.03887145102787288, 0.03887145102787288, 0.03887145102787288, 0.03887145102787288, 0.03884092770551099]
bkt_dst_nodes_list = self.get_in_degree_bucketing() spend:  0.009775161743164062
self.gen_batches_seeds_list(bkt_dst_nodes_list_local) spend  0.1197042465209961
self.has_zero_indegree_seeds  False
num_output  196571
self.output_nids  196571
output nodes length match
global output equals  True
partition total batch output list spend :  4.7037389278411865
self.buckets_partition() spend  sec:  0.12949919700622559
 data loader gen time  [17.188106775283813, 16.273250341415405, 15.701090335845947, 16.37041711807251]
	---backpack schedule time  [4.808340549468994, 4.767105340957642, 4.770216941833496, 4.767914772033691]
	---connection_check_time_list  [7.328610181808472, 6.579283714294434, 6.038517236709595, 6.818195104598999]
	---block_gen_time_list  [4.376709938049316, 4.2469940185546875, 4.231915235519409, 4.154624938964844]

 data loader gen time avg 16.03575372695923
	---backpack schedule time avg 4.769065856933594
	---connection check (sec)  6.428356170654297
	---block construction (sec)  4.1932700872421265
