main start at this time 1735052433.8903804
-----------------------------------------before load data 
 Nvidia-smi: 0.3560791015625 GB
    Memory Allocated: 0.0  GigaBytes
Max Memory Allocated: 0.0  GigaBytes

#nodes: 2449029
#edges: 123718024
#classes: 47
success----------------------------------------
# Nodes: 2400608
# Edges: 123718024
# Train: 196571
# Val: 39255
# Test: 2164782
# Classes: 47

----------------------------------------start of run function 
 Nvidia-smi: 0.3560791015625 GB
    Memory Allocated: 0.0  GigaBytes
Max Memory Allocated: 0.0  GigaBytes

epoch  0
the output layer 
self.num_batch (get_in_degree_bucketing) 32
get_in_degree_bucketing dst global nid length 196571
len(bkt)  173
len(bkt)  221
len(bkt)  374
len(bkt)  456
len(bkt)  445
len(bkt)  550
len(bkt)  655
len(bkt)  512
len(bkt)  576
len(bkt)  640
len(bkt)  624
len(bkt)  583
len(bkt)  615
len(bkt)  695
len(bkt)  673
len(bkt)  614
len(bkt)  556
len(bkt)  604
len(bkt)  584
len(bkt)  572
len(bkt)  586
len(bkt)  592
len(bkt)  648
len(bkt)  645
len(bkt)  183378
total indegree bucketing result ,  196571
the number of total output nodes match :) 
local nids of zero in-degree  []
bucket partitioner: bkt_dst_nodes_list_local length  25
---||-----||-----||-----||-----||-----||-----||-----||-----||-----||-----||-----||-----||-----||-----||-----||-----||-----||-----||-----||--
self.num_batch,  32
type of fanout_dst_nids  <class 'torch.Tensor'>
sum(estimated_mem)
27.023624836713726
24
the last batch value is  1028
G_BUCKET_ID_list [[22], [6, 5, 3, 1], [21, 0], [23], [13, 9], [14, 7, 2], [10, 8, 4], [20], [18], [19], [16], [17], [15], [12], [11]]
G_BUCKET_ID_list length 15
backpack scheduling spend  0.12154912948608398
len(g_bucket_nids_list)  15
len(local_split_batches_nid_list)  32
current group_mem  2.232189497508864
current group_mem  1.3068242388952873
current group_mem  2.2282285622209037
current group_mem  2.223171411479282
current group_mem  2.2199646769036976
current group_mem  2.2155376024494022
current group_mem  2.1752215580623586
current group_mem  1.920127067184496
current group_mem  1.793769060001223
current group_mem  1.6766132844613435
current group_mem  1.6565154083265854
current group_mem  1.5991467489715145
current group_mem  1.4645761989081698
current group_mem  1.2832128918560093
current group_mem  1.0285266294845892
batches output list generation spend  0.0002732276916503906
self.weights_list  [0.0324513788910877, 0.038729008856850704, 0.03304658367714464, 0.032436117229906754, 0.03594629930152464, 0.03708583666970204, 0.037523337623555864, 0.03213597122668145, 0.03212579678589415, 0.03206475014117036, 0.03198335461487198, 0.03222754119376714, 0.032278413397703626, 0.032283500618097274, 0.032120709565500505, 0.029154860076003073, 0.029154860076003073, 0.029154860076003073, 0.029154860076003073, 0.029154860076003073, 0.029154860076003073, 0.029154860076003073, 0.029154860076003073, 0.029154860076003073, 0.029154860076003073, 0.029154860076003073, 0.029154860076003073, 0.029154860076003073, 0.029154860076003073, 0.029154860076003073, 0.029154860076003073, 0.029083638990491986]
bkt_dst_nodes_list = self.get_in_degree_bucketing() spend:  0.013226032257080078
self.gen_batches_seeds_list(bkt_dst_nodes_list_local) spend  0.12215685844421387
self.has_zero_indegree_seeds  False
num_output  196571
self.output_nids  196571
output nodes length match
global output equals  True
partition total batch output list spend :  6.206871032714844
self.buckets_partition() spend  sec:  0.13540148735046387
epoch  1
the output layer 
self.num_batch (get_in_degree_bucketing) 32
get_in_degree_bucketing dst global nid length 196571
len(bkt)  173
len(bkt)  221
len(bkt)  374
len(bkt)  456
len(bkt)  445
len(bkt)  550
len(bkt)  655
len(bkt)  512
len(bkt)  576
len(bkt)  640
len(bkt)  624
len(bkt)  583
len(bkt)  615
len(bkt)  695
len(bkt)  673
len(bkt)  614
len(bkt)  556
len(bkt)  604
len(bkt)  584
len(bkt)  572
len(bkt)  586
len(bkt)  592
len(bkt)  648
len(bkt)  645
len(bkt)  183378
total indegree bucketing result ,  196571
the number of total output nodes match :) 
local nids of zero in-degree  []
bucket partitioner: bkt_dst_nodes_list_local length  25
---||-----||-----||-----||-----||-----||-----||-----||-----||-----||-----||-----||-----||-----||-----||-----||-----||-----||-----||-----||--
self.num_batch,  32
type of fanout_dst_nids  <class 'torch.Tensor'>
sum(estimated_mem)
27.023624836713726
24
the last batch value is  1028
G_BUCKET_ID_list [[22], [6, 5, 3, 1], [21, 0], [23], [13, 9], [14, 7, 2], [10, 8, 4], [20], [18], [19], [16], [17], [15], [12], [11]]
G_BUCKET_ID_list length 15
backpack scheduling spend  0.12291955947875977
len(g_bucket_nids_list)  15
len(local_split_batches_nid_list)  32
current group_mem  2.232189497508864
current group_mem  1.3068242388952873
current group_mem  2.2282285622209037
current group_mem  2.223171411479282
current group_mem  2.2199646769036976
current group_mem  2.2155376024494022
current group_mem  2.1752215580623586
current group_mem  1.920127067184496
current group_mem  1.793769060001223
current group_mem  1.6766132844613435
current group_mem  1.6565154083265854
current group_mem  1.5991467489715145
current group_mem  1.4645761989081698
current group_mem  1.2832128918560093
current group_mem  1.0285266294845892
batches output list generation spend  0.0006031990051269531
self.weights_list  [0.0324513788910877, 0.038729008856850704, 0.03304658367714464, 0.032436117229906754, 0.03594629930152464, 0.03708583666970204, 0.037523337623555864, 0.03213597122668145, 0.03212579678589415, 0.03206475014117036, 0.03198335461487198, 0.03222754119376714, 0.032278413397703626, 0.032283500618097274, 0.032120709565500505, 0.029154860076003073, 0.029154860076003073, 0.029154860076003073, 0.029154860076003073, 0.029154860076003073, 0.029154860076003073, 0.029154860076003073, 0.029154860076003073, 0.029154860076003073, 0.029154860076003073, 0.029154860076003073, 0.029154860076003073, 0.029154860076003073, 0.029154860076003073, 0.029154860076003073, 0.029154860076003073, 0.029083638990491986]
bkt_dst_nodes_list = self.get_in_degree_bucketing() spend:  0.012350082397460938
self.gen_batches_seeds_list(bkt_dst_nodes_list_local) spend  0.12375140190124512
self.has_zero_indegree_seeds  False
num_output  196571
self.output_nids  196571
output nodes length match
global output equals  True
partition total batch output list spend :  6.194079399108887
self.buckets_partition() spend  sec:  0.13611793518066406
epoch  2
the output layer 
self.num_batch (get_in_degree_bucketing) 32
get_in_degree_bucketing dst global nid length 196571
len(bkt)  173
len(bkt)  221
len(bkt)  374
len(bkt)  456
len(bkt)  445
len(bkt)  550
len(bkt)  655
len(bkt)  512
len(bkt)  576
len(bkt)  640
len(bkt)  624
len(bkt)  583
len(bkt)  615
len(bkt)  695
len(bkt)  673
len(bkt)  614
len(bkt)  556
len(bkt)  604
len(bkt)  584
len(bkt)  572
len(bkt)  586
len(bkt)  592
len(bkt)  648
len(bkt)  645
len(bkt)  183378
total indegree bucketing result ,  196571
the number of total output nodes match :) 
local nids of zero in-degree  []
bucket partitioner: bkt_dst_nodes_list_local length  25
---||-----||-----||-----||-----||-----||-----||-----||-----||-----||-----||-----||-----||-----||-----||-----||-----||-----||-----||-----||--
self.num_batch,  32
type of fanout_dst_nids  <class 'torch.Tensor'>
sum(estimated_mem)
27.023624836713726
24
the last batch value is  1028
G_BUCKET_ID_list [[22], [6, 5, 3, 1], [21, 0], [23], [13, 9], [14, 7, 2], [10, 8, 4], [20], [18], [19], [16], [17], [15], [12], [11]]
G_BUCKET_ID_list length 15
backpack scheduling spend  0.12012434005737305
len(g_bucket_nids_list)  15
len(local_split_batches_nid_list)  32
current group_mem  2.232189497508864
current group_mem  1.3068242388952873
current group_mem  2.2282285622209037
current group_mem  2.223171411479282
current group_mem  2.2199646769036976
current group_mem  2.2155376024494022
current group_mem  2.1752215580623586
current group_mem  1.920127067184496
current group_mem  1.793769060001223
current group_mem  1.6766132844613435
current group_mem  1.6565154083265854
current group_mem  1.5991467489715145
current group_mem  1.4645761989081698
current group_mem  1.2832128918560093
current group_mem  1.0285266294845892
batches output list generation spend  0.0006213188171386719
self.weights_list  [0.0324513788910877, 0.038729008856850704, 0.03304658367714464, 0.032436117229906754, 0.03594629930152464, 0.03708583666970204, 0.037523337623555864, 0.03213597122668145, 0.03212579678589415, 0.03206475014117036, 0.03198335461487198, 0.03222754119376714, 0.032278413397703626, 0.032283500618097274, 0.032120709565500505, 0.029154860076003073, 0.029154860076003073, 0.029154860076003073, 0.029154860076003073, 0.029154860076003073, 0.029154860076003073, 0.029154860076003073, 0.029154860076003073, 0.029154860076003073, 0.029154860076003073, 0.029154860076003073, 0.029154860076003073, 0.029154860076003073, 0.029154860076003073, 0.029154860076003073, 0.029154860076003073, 0.029083638990491986]
bkt_dst_nodes_list = self.get_in_degree_bucketing() spend:  0.01501774787902832
self.gen_batches_seeds_list(bkt_dst_nodes_list_local) spend  0.1210014820098877
self.has_zero_indegree_seeds  False
num_output  196571
self.output_nids  196571
output nodes length match
global output equals  True
partition total batch output list spend :  6.303375244140625
self.buckets_partition() spend  sec:  0.13603591918945312
epoch  3
the output layer 
self.num_batch (get_in_degree_bucketing) 32
get_in_degree_bucketing dst global nid length 196571
len(bkt)  173
len(bkt)  221
len(bkt)  374
len(bkt)  456
len(bkt)  445
len(bkt)  550
len(bkt)  655
len(bkt)  512
len(bkt)  576
len(bkt)  640
len(bkt)  624
len(bkt)  583
len(bkt)  615
len(bkt)  695
len(bkt)  673
len(bkt)  614
len(bkt)  556
len(bkt)  604
len(bkt)  584
len(bkt)  572
len(bkt)  586
len(bkt)  592
len(bkt)  648
len(bkt)  645
len(bkt)  183378
total indegree bucketing result ,  196571
the number of total output nodes match :) 
local nids of zero in-degree  []
bucket partitioner: bkt_dst_nodes_list_local length  25
---||-----||-----||-----||-----||-----||-----||-----||-----||-----||-----||-----||-----||-----||-----||-----||-----||-----||-----||-----||--
self.num_batch,  32
type of fanout_dst_nids  <class 'torch.Tensor'>
sum(estimated_mem)
27.023624836713726
24
the last batch value is  1028
G_BUCKET_ID_list [[22], [6, 5, 3, 1], [21, 0], [23], [13, 9], [14, 7, 2], [10, 8, 4], [20], [18], [19], [16], [17], [15], [12], [11]]
G_BUCKET_ID_list length 15
backpack scheduling spend  0.11976194381713867
len(g_bucket_nids_list)  15
len(local_split_batches_nid_list)  32
current group_mem  2.232189497508864
current group_mem  1.3068242388952873
current group_mem  2.2282285622209037
current group_mem  2.223171411479282
current group_mem  2.2199646769036976
current group_mem  2.2155376024494022
current group_mem  2.1752215580623586
current group_mem  1.920127067184496
current group_mem  1.793769060001223
current group_mem  1.6766132844613435
current group_mem  1.6565154083265854
current group_mem  1.5991467489715145
current group_mem  1.4645761989081698
current group_mem  1.2832128918560093
current group_mem  1.0285266294845892
batches output list generation spend  0.00047326087951660156
self.weights_list  [0.0324513788910877, 0.038729008856850704, 0.03304658367714464, 0.032436117229906754, 0.03594629930152464, 0.03708583666970204, 0.037523337623555864, 0.03213597122668145, 0.03212579678589415, 0.03206475014117036, 0.03198335461487198, 0.03222754119376714, 0.032278413397703626, 0.032283500618097274, 0.032120709565500505, 0.029154860076003073, 0.029154860076003073, 0.029154860076003073, 0.029154860076003073, 0.029154860076003073, 0.029154860076003073, 0.029154860076003073, 0.029154860076003073, 0.029154860076003073, 0.029154860076003073, 0.029154860076003073, 0.029154860076003073, 0.029154860076003073, 0.029154860076003073, 0.029154860076003073, 0.029154860076003073, 0.029083638990491986]
bkt_dst_nodes_list = self.get_in_degree_bucketing() spend:  0.011566162109375
self.gen_batches_seeds_list(bkt_dst_nodes_list_local) spend  0.12046551704406738
self.has_zero_indegree_seeds  False
num_output  196571
self.output_nids  196571
output nodes length match
global output equals  True
partition total batch output list spend :  6.21570086479187
self.buckets_partition() spend  sec:  0.1320488452911377
 data loader gen time  [20.113905906677246, 19.81789541244507, 19.62309956550598, 19.30368971824646]
	---backpack schedule time  [6.278336524963379, 6.263230323791504, 6.385968208312988, 6.285348176956177]
	---connection_check_time_list  [7.856649160385132, 7.609523296356201, 7.2823896408081055, 7.235860586166382]
	---block_gen_time_list  [5.292619466781616, 5.247143507003784, 5.278472423553467, 5.108995676040649]

 data loader gen time avg 19.46339464187622
	---backpack schedule time avg 6.3356581926345825
	---connection check (sec)  7.259125113487244
	---block construction (sec)  5.193734049797058
