main start at this time 1735054647.8267448
-----------------------------------------before load data 
 Nvidia-smi: 0.3560791015625 GB
    Memory Allocated: 0.0  GigaBytes
Max Memory Allocated: 0.0  GigaBytes

ogbn-arxiv
# Nodes: 169343
# Edges: 2315598
# Train: 90941
# Val: 29799
# Test: 48603
# Classes: 40

----------------------------------------start of run function 
 Nvidia-smi: 0.3560791015625 GB
    Memory Allocated: 0.0  GigaBytes
Max Memory Allocated: 0.0  GigaBytes

full batch src global  164234
full batch dst global  90941
----------------------------------------after load_block_subtensor
 Nvidia-smi: 0.60107421875 GB
    Memory Allocated: 0.08013486862182617  GigaBytes
Max Memory Allocated: 0.08013486862182617  GigaBytes

----------------------------------------after block to device
 Nvidia-smi: 0.62060546875 GB
    Memory Allocated: 0.09300661087036133  GigaBytes
Max Memory Allocated: 0.09300661087036133  GigaBytes

----------------------------------------after model
 Nvidia-smi: 14.32568359375 GB
    Memory Allocated: 13.147944927215576  GigaBytes
Max Memory Allocated: 13.580002784729004  GigaBytes

full batch train ------ loss 4.0200395584106445
----------------------------------------after loss
 Nvidia-smi: 14.32568359375 GB
    Memory Allocated: 13.161497592926025  GigaBytes
Max Memory Allocated: 13.580002784729004  GigaBytes

----------------------------------------after loss backward
 Nvidia-smi: 15.04443359375 GB
    Memory Allocated: 0.14528417587280273  GigaBytes
Max Memory Allocated: 13.580002784729004  GigaBytes


----------------------------------------full batch
 Nvidia-smi: 15.04443359375 GB
    Memory Allocated: 0.14642858505249023  GigaBytes
Max Memory Allocated: 13.580002784729004  GigaBytes

full batch src global  164275
full batch dst global  90941
----------------------------------------after load_block_subtensor
 Nvidia-smi: 15.04443359375 GB
    Memory Allocated: 0.13121938705444336  GigaBytes
Max Memory Allocated: 13.580002784729004  GigaBytes

----------------------------------------after block to device
 Nvidia-smi: 15.04443359375 GB
    Memory Allocated: 0.1453108787536621  GigaBytes
Max Memory Allocated: 13.580002784729004  GigaBytes

----------------------------------------after model
 Nvidia-smi: 15.04833984375 GB
    Memory Allocated: 13.195053100585938  GigaBytes
Max Memory Allocated: 13.641786575317383  GigaBytes

full batch train ------ loss 3.8366124629974365
----------------------------------------after loss
 Nvidia-smi: 15.04833984375 GB
    Memory Allocated: 13.189250469207764  GigaBytes
Max Memory Allocated: 13.641786575317383  GigaBytes

----------------------------------------after loss backward
 Nvidia-smi: 15.04833984375 GB
    Memory Allocated: 0.1486682891845703  GigaBytes
Max Memory Allocated: 13.641786575317383  GigaBytes


----------------------------------------full batch
 Nvidia-smi: 15.04833984375 GB
    Memory Allocated: 0.1475238800048828  GigaBytes
Max Memory Allocated: 13.641786575317383  GigaBytes

full batch src global  164271
full batch dst global  90941
----------------------------------------after load_block_subtensor
 Nvidia-smi: 15.04833984375 GB
    Memory Allocated: 0.13144254684448242  GigaBytes
Max Memory Allocated: 13.641786575317383  GigaBytes

----------------------------------------after block to device
 Nvidia-smi: 15.04833984375 GB
    Memory Allocated: 0.14539098739624023  GigaBytes
Max Memory Allocated: 13.641786575317383  GigaBytes

----------------------------------------after model
 Nvidia-smi: 15.04833984375 GB
    Memory Allocated: 13.192562103271484  GigaBytes
Max Memory Allocated: 13.641786575317383  GigaBytes

full batch train ------ loss 3.681349039077759
----------------------------------------after loss
 Nvidia-smi: 15.04833984375 GB
    Memory Allocated: 13.186534404754639  GigaBytes
Max Memory Allocated: 13.641786575317383  GigaBytes

----------------------------------------after loss backward
 Nvidia-smi: 15.04833984375 GB
    Memory Allocated: 0.14806699752807617  GigaBytes
Max Memory Allocated: 13.641786575317383  GigaBytes


----------------------------------------full batch
 Nvidia-smi: 15.04833984375 GB
    Memory Allocated: 0.14692258834838867  GigaBytes
Max Memory Allocated: 13.641786575317383  GigaBytes

full batch src global  164278
full batch dst global  90941
----------------------------------------after load_block_subtensor
 Nvidia-smi: 15.04833984375 GB
    Memory Allocated: 0.13004732131958008  GigaBytes
Max Memory Allocated: 13.641786575317383  GigaBytes

----------------------------------------after block to device
 Nvidia-smi: 15.04833984375 GB
    Memory Allocated: 0.14371919631958008  GigaBytes
Max Memory Allocated: 13.641786575317383  GigaBytes

----------------------------------------after model
 Nvidia-smi: 15.04833984375 GB
    Memory Allocated: 13.190421104431152  GigaBytes
Max Memory Allocated: 13.641786575317383  GigaBytes

full batch train ------ loss 3.5497517585754395
----------------------------------------after loss
 Nvidia-smi: 15.04833984375 GB
    Memory Allocated: 13.185791969299316  GigaBytes
Max Memory Allocated: 13.641786575317383  GigaBytes

----------------------------------------after loss backward
 Nvidia-smi: 15.04833984375 GB
    Memory Allocated: 0.1491842269897461  GigaBytes
Max Memory Allocated: 13.641786575317383  GigaBytes


----------------------------------------full batch
 Nvidia-smi: 15.04833984375 GB
    Memory Allocated: 0.1480398178100586  GigaBytes
Max Memory Allocated: 13.641786575317383  GigaBytes

full batch src global  164220
full batch dst global  90941
----------------------------------------after load_block_subtensor
 Nvidia-smi: 15.04833984375 GB
    Memory Allocated: 0.13064193725585938  GigaBytes
Max Memory Allocated: 13.641786575317383  GigaBytes

----------------------------------------after block to device
 Nvidia-smi: 15.04833984375 GB
    Memory Allocated: 0.1452312469482422  GigaBytes
Max Memory Allocated: 13.641786575317383  GigaBytes

----------------------------------------after model
 Nvidia-smi: 15.04833984375 GB
    Memory Allocated: 13.19014024734497  GigaBytes
Max Memory Allocated: 13.641786575317383  GigaBytes

full batch train ------ loss 3.432257890701294
----------------------------------------after loss
 Nvidia-smi: 15.04833984375 GB
    Memory Allocated: 13.18488883972168  GigaBytes
Max Memory Allocated: 13.641786575317383  GigaBytes

----------------------------------------after loss backward
 Nvidia-smi: 15.04833984375 GB
    Memory Allocated: 0.14945602416992188  GigaBytes
Max Memory Allocated: 13.641786575317383  GigaBytes


----------------------------------------full batch
 Nvidia-smi: 15.04833984375 GB
    Memory Allocated: 0.14831161499023438  GigaBytes
Max Memory Allocated: 13.641786575317383  GigaBytes

full batch src global  164210
full batch dst global  90941
----------------------------------------after load_block_subtensor
 Nvidia-smi: 15.04833984375 GB
    Memory Allocated: 0.1316981315612793  GigaBytes
Max Memory Allocated: 13.641786575317383  GigaBytes

----------------------------------------after block to device
 Nvidia-smi: 15.04833984375 GB
    Memory Allocated: 0.1459331512451172  GigaBytes
Max Memory Allocated: 13.641786575317383  GigaBytes

----------------------------------------after model
 Nvidia-smi: 15.04833984375 GB
    Memory Allocated: 13.191375255584717  GigaBytes
Max Memory Allocated: 13.641786575317383  GigaBytes

full batch train ------ loss 3.3370089530944824
----------------------------------------after loss
 Nvidia-smi: 15.04833984375 GB
    Memory Allocated: 13.185062885284424  GigaBytes
Max Memory Allocated: 13.641786575317383  GigaBytes

----------------------------------------after loss backward
 Nvidia-smi: 15.04833984375 GB
    Memory Allocated: 0.14860153198242188  GigaBytes
Max Memory Allocated: 13.641786575317383  GigaBytes


----------------------------------------full batch
 Nvidia-smi: 15.04833984375 GB
    Memory Allocated: 0.14745712280273438  GigaBytes
Max Memory Allocated: 13.641786575317383  GigaBytes

full batch src global  164189
full batch dst global  90941
----------------------------------------after load_block_subtensor
 Nvidia-smi: 15.04833984375 GB
    Memory Allocated: 0.13156700134277344  GigaBytes
Max Memory Allocated: 13.641786575317383  GigaBytes

----------------------------------------after block to device
 Nvidia-smi: 15.04833984375 GB
    Memory Allocated: 0.14544391632080078  GigaBytes
Max Memory Allocated: 13.641786575317383  GigaBytes

----------------------------------------after model
 Nvidia-smi: 15.04833984375 GB
    Memory Allocated: 13.189845085144043  GigaBytes
Max Memory Allocated: 13.641786575317383  GigaBytes

full batch train ------ loss 3.2671685218811035
----------------------------------------after loss
 Nvidia-smi: 15.04833984375 GB
    Memory Allocated: 13.183653831481934  GigaBytes
Max Memory Allocated: 13.641786575317383  GigaBytes

----------------------------------------after loss backward
 Nvidia-smi: 15.04833984375 GB
    Memory Allocated: 0.1479802131652832  GigaBytes
Max Memory Allocated: 13.641786575317383  GigaBytes


----------------------------------------full batch
 Nvidia-smi: 15.04833984375 GB
    Memory Allocated: 0.1468358039855957  GigaBytes
Max Memory Allocated: 13.641786575317383  GigaBytes

full batch src global  164223
full batch dst global  90941
----------------------------------------after load_block_subtensor
 Nvidia-smi: 15.04833984375 GB
    Memory Allocated: 0.13080739974975586  GigaBytes
Max Memory Allocated: 13.641786575317383  GigaBytes

----------------------------------------after block to device
 Nvidia-smi: 15.04833984375 GB
    Memory Allocated: 0.14652538299560547  GigaBytes
Max Memory Allocated: 13.641786575317383  GigaBytes

----------------------------------------after model
 Nvidia-smi: 15.04833984375 GB
    Memory Allocated: 13.18647289276123  GigaBytes
Max Memory Allocated: 13.641786575317383  GigaBytes

full batch train ------ loss 3.22768235206604
----------------------------------------after loss
 Nvidia-smi: 15.04833984375 GB
    Memory Allocated: 13.181057453155518  GigaBytes
Max Memory Allocated: 13.641786575317383  GigaBytes

----------------------------------------after loss backward
 Nvidia-smi: 15.04833984375 GB
    Memory Allocated: 0.14951848983764648  GigaBytes
Max Memory Allocated: 13.641786575317383  GigaBytes


----------------------------------------full batch
 Nvidia-smi: 15.04833984375 GB
    Memory Allocated: 0.14837408065795898  GigaBytes
Max Memory Allocated: 13.641786575317383  GigaBytes

full batch src global  164260
full batch dst global  90941
----------------------------------------after load_block_subtensor
 Nvidia-smi: 15.04833984375 GB
    Memory Allocated: 0.13166427612304688  GigaBytes
Max Memory Allocated: 13.641786575317383  GigaBytes

----------------------------------------after block to device
 Nvidia-smi: 15.04833984375 GB
    Memory Allocated: 0.14603376388549805  GigaBytes
Max Memory Allocated: 13.641786575317383  GigaBytes

----------------------------------------after model
 Nvidia-smi: 15.04833984375 GB
    Memory Allocated: 13.189832210540771  GigaBytes
Max Memory Allocated: 13.641786575317383  GigaBytes

full batch train ------ loss 3.1905946731567383
----------------------------------------after loss
 Nvidia-smi: 15.04833984375 GB
    Memory Allocated: 13.183577537536621  GigaBytes
Max Memory Allocated: 13.641786575317383  GigaBytes

----------------------------------------after loss backward
 Nvidia-smi: 15.04833984375 GB
    Memory Allocated: 0.14904451370239258  GigaBytes
Max Memory Allocated: 13.641786575317383  GigaBytes


----------------------------------------full batch
 Nvidia-smi: 15.04833984375 GB
    Memory Allocated: 0.14790010452270508  GigaBytes
Max Memory Allocated: 13.641786575317383  GigaBytes

full batch src global  164220
full batch dst global  90941
----------------------------------------after load_block_subtensor
 Nvidia-smi: 15.04833984375 GB
    Memory Allocated: 0.13115358352661133  GigaBytes
Max Memory Allocated: 13.641786575317383  GigaBytes

----------------------------------------after block to device
 Nvidia-smi: 15.04833984375 GB
    Memory Allocated: 0.14614534378051758  GigaBytes
Max Memory Allocated: 13.641786575317383  GigaBytes

----------------------------------------after model
 Nvidia-smi: 15.04833984375 GB
    Memory Allocated: 13.191211223602295  GigaBytes
Max Memory Allocated: 13.641786575317383  GigaBytes

full batch train ------ loss 3.1547317504882812
----------------------------------------after loss
 Nvidia-smi: 15.04833984375 GB
    Memory Allocated: 13.185448169708252  GigaBytes
Max Memory Allocated: 13.641786575317383  GigaBytes

----------------------------------------after loss backward
 Nvidia-smi: 15.04833984375 GB
    Memory Allocated: 0.14975214004516602  GigaBytes
Max Memory Allocated: 13.641786575317383  GigaBytes


----------------------------------------full batch
 Nvidia-smi: 15.04833984375 GB
    Memory Allocated: 0.14860773086547852  GigaBytes
Max Memory Allocated: 13.641786575317383  GigaBytes

epoch_time_list  [3.036304473876953, 0.3416481018066406, 0.34197425842285156, 0.3435709476470947, 0.3443794250488281, 0.34906649589538574, 0.3471946716308594, 0.34560155868530273, 0.34304380416870117, 0.34403300285339355]

loading_time list   [0.043918609619140625, 0.0590367317199707, 0.04761505126953125, 0.021309375762939453, 0.02151346206665039, 0.021992206573486328, 0.032122135162353516, 0.02726268768310547, 0.02330327033996582, 0.02419900894165039]

training time  []
---feature block loading time  []


epoch_time avg   0.3455531597137451
loading_time avg   0.02506546179453532
 data loader gen time avg nan
	---backpack schedule time avg nan
	---connection_check_time avg  nan
	---block_gen_time avg  nan
training time  nan
---feature block loading time  nan
pure train time per /epoch  []
pure train time average  nan

num_input list  []
