main start at this time 1735052691.9445395
-----------------------------------------before load data 
 Nvidia-smi: 0.3560791015625 GB
    Memory Allocated: 0.0  GigaBytes
Max Memory Allocated: 0.0  GigaBytes

#nodes: 2449029
#edges: 123718024
#classes: 47
success----------------------------------------
# Nodes: 2400608
# Edges: 123718024
# Train: 196571
# Val: 39255
# Test: 2164782
# Classes: 47

----------------------------------------start of run function 
 Nvidia-smi: 0.3560791015625 GB
    Memory Allocated: 0.0  GigaBytes
Max Memory Allocated: 0.0  GigaBytes

in feats:  100
----------------------------------------before model to device 
 Nvidia-smi: 0.3560791015625 GB
    Memory Allocated: 0.0  GigaBytes
Max Memory Allocated: 0.0  GigaBytes

----------------------------------------after model to device
 Nvidia-smi: 0.51904296875 GB
    Memory Allocated: 0.000934600830078125  GigaBytes
Max Memory Allocated: 0.000934600830078125  GigaBytes

REG  construction start----................................
auxiliary_graph remove nodes with degree zero and non output nodes---
auxiliary_graph_no_diag---
REG construction end ----................................
Convert a graph into a bidirected graph: 3.326 seconds, peak memory: 23.925 GB
Construct multi-constraint weights: 0.000 seconds, peak memory: 23.925 GB
Metis partitioning: 12.139 seconds, peak memory: 25.085 GB
Split the graph: 3.474 seconds
Construct subgraphs: 0.376 seconds
REG metis partition end ----................................
----------------------------------------
	---REG Construction (sec):  66.67960381507874
	---Metis partition (sec):  19.358981132507324
connection check (sec):  16.2684223651886
block construction (sec):  26.87432599067688
REG  construction start----................................
auxiliary_graph remove nodes with degree zero and non output nodes---
auxiliary_graph_no_diag---
REG construction end ----................................
Convert a graph into a bidirected graph: 3.243 seconds, peak memory: 26.991 GB
Construct multi-constraint weights: 0.000 seconds, peak memory: 26.991 GB
Metis partitioning: 12.331 seconds, peak memory: 28.124 GB
Split the graph: 3.567 seconds
Construct subgraphs: 0.023 seconds
REG metis partition end ----................................
----------------------------------------
	---REG Construction (sec):  69.79206323623657
	---Metis partition (sec):  19.214850187301636
connection check (sec):  13.648053884506226
block construction (sec):  24.90112042427063
REG  construction start----................................
auxiliary_graph remove nodes with degree zero and non output nodes---
auxiliary_graph_no_diag---
REG construction end ----................................
Convert a graph into a bidirected graph: 3.332 seconds, peak memory: 28.984 GB
Construct multi-constraint weights: 0.000 seconds, peak memory: 28.984 GB
Metis partitioning: 12.086 seconds, peak memory: 28.984 GB
Split the graph: 3.478 seconds
Construct subgraphs: 0.426 seconds
REG metis partition end ----................................
----------------------------------------
	---REG Construction (sec):  68.5625410079956
	---Metis partition (sec):  19.366761445999146
connection check (sec):  13.377493381500244
block construction (sec):  24.994502782821655
