main start at this time 1735096028.3354867
-----------------------------------------before load data 
 Nvidia-smi: 0.3560791015625 GB
    Memory Allocated: 0.0  GigaBytes
Max Memory Allocated: 0.0  GigaBytes

#nodes: 2449029
#edges: 123718024
#classes: 47
success----------------------------------------
# Nodes: 2400608
# Edges: 123718024
# Train: 196571
# Val: 39255
# Test: 2164782
# Classes: 47

----------------------------------------start of run function 
 Nvidia-smi: 0.3560791015625 GB
    Memory Allocated: 0.0  GigaBytes
Max Memory Allocated: 0.0  GigaBytes

#--------------------------------- epoch  0
the output layer 
self.num_batch (get_in_degree_bucketing) 12
get_in_degree_bucketing dst global nid length 196571
len(bkt)  173
len(bkt)  221
len(bkt)  374
len(bkt)  456
len(bkt)  445
len(bkt)  550
len(bkt)  655
len(bkt)  512
len(bkt)  576
len(bkt)  640
len(bkt)  624
len(bkt)  583
len(bkt)  615
len(bkt)  695
len(bkt)  673
len(bkt)  614
len(bkt)  556
len(bkt)  604
len(bkt)  584
len(bkt)  572
len(bkt)  586
len(bkt)  592
len(bkt)  648
len(bkt)  645
len(bkt)  183378
total indegree bucketing result ,  196571
the number of total output nodes match :) 
local nids of zero in-degree  []
bucket partitioner: bkt_dst_nodes_list_local length  25
---||-----||-----||-----||-----||-----||-----||-----||-----||-----||-----||-----||-----||-----||-----||-----||-----||-----||-----||-----||--
self.num_batch,  12
type of fanout_dst_nids  <class 'torch.Tensor'>
sum(estimated_mem)
27.023624836713726
24
the last batch value is  1464
G_BUCKET_ID_list [[11, 3, 2], [19, 13, 0], [23, 8], [14, 9, 7], [17, 10, 4], [6, 5, 1], [16, 12], [22], [21], [20], [18], [15]]
G_BUCKET_ID_list length 12
backpack scheduling spend  0.13090848922729492
len(g_bucket_nids_list)  12
len(local_split_batches_nid_list)  12
current group_mem  1.403347350375729
current group_mem  3.001967961271789
current group_mem  3.0000069573568977
current group_mem  3.0006915325832333
current group_mem  2.9975327611562568
current group_mem  1.0749997896799088
current group_mem  2.939728300182595
current group_mem  2.232189497508864
current group_mem  2.1946883605045633
current group_mem  1.920127067184496
current group_mem  1.793769060001223
current group_mem  1.4645761989081698
batches output list generation spend  0.0003604888916015625
self.weights_list  [0.08493114447197196, 0.08506849942260049, 0.08395439815639133, 0.0870270792741554, 0.08625382177432073, 0.0849972783370894, 0.08370003713670887, 0.08103942087083038, 0.08075453652878603, 0.08072401320642414, 0.08071383876563684, 0.08083593205508442]
bkt_dst_nodes_list = self.get_in_degree_bucketing() spend:  0.010782480239868164
self.gen_batches_seeds_list(bkt_dst_nodes_list_local) spend  0.13151788711547852
self.has_zero_indegree_seeds  False
num_output  196571
self.output_nids  196571
output nodes length match
global output equals  True
partition total batch output list spend :  2.4352967739105225
self.buckets_partition() spend  sec:  0.14231491088867188
step  0
----------------------------------------before batch_pred = model(blocks, batch_inputs)
 Nvidia-smi: 0.95458984375 GB
    Memory Allocated: 0.4165821075439453  GigaBytes
Max Memory Allocated: 0.4165821075439453  GigaBytes

----------------------------------------after batch_pred = model(blocks, batch_inputs)
 Nvidia-smi: 21.45263671875 GB
    Memory Allocated: 20.387787342071533  GigaBytes
Max Memory Allocated: 20.760602474212646  GigaBytes

----------------------------------------after loss function
 Nvidia-smi: 21.45263671875 GB
    Memory Allocated: 20.390711784362793  GigaBytes
Max Memory Allocated: 20.760602474212646  GigaBytes

step  1
----------------------------------------before batch_pred = model(blocks, batch_inputs)
 Nvidia-smi: 21.46044921875 GB
    Memory Allocated: 0.4511537551879883  GigaBytes
Max Memory Allocated: 20.760602474212646  GigaBytes

----------------------------------------after batch_pred = model(blocks, batch_inputs)
 Nvidia-smi: 21.81201171875 GB
    Memory Allocated: 20.787163257598877  GigaBytes
Max Memory Allocated: 21.169047832489014  GigaBytes

----------------------------------------after loss function
 Nvidia-smi: 21.81201171875 GB
    Memory Allocated: 20.790174961090088  GigaBytes
Max Memory Allocated: 21.169047832489014  GigaBytes

step  2
----------------------------------------before batch_pred = model(blocks, batch_inputs)
 Nvidia-smi: 21.81201171875 GB
    Memory Allocated: 0.4615511894226074  GigaBytes
Max Memory Allocated: 21.169047832489014  GigaBytes

----------------------------------------after batch_pred = model(blocks, batch_inputs)
 Nvidia-smi: 22.90576171875 GB
    Memory Allocated: 20.729126930236816  GigaBytes
Max Memory Allocated: 21.169047832489014  GigaBytes

----------------------------------------after loss function
 Nvidia-smi: 22.90576171875 GB
    Memory Allocated: 20.732138633728027  GigaBytes
Max Memory Allocated: 21.169047832489014  GigaBytes

step  3
----------------------------------------before batch_pred = model(blocks, batch_inputs)
 Nvidia-smi: 22.90576171875 GB
    Memory Allocated: 0.4771304130554199  GigaBytes
Max Memory Allocated: 21.169047832489014  GigaBytes

----------------------------------------after batch_pred = model(blocks, batch_inputs)
 Nvidia-smi: 22.93115234375 GB
    Memory Allocated: 20.844104290008545  GigaBytes
Max Memory Allocated: 21.225086212158203  GigaBytes

----------------------------------------after loss function
 Nvidia-smi: 22.93115234375 GB
    Memory Allocated: 20.847100257873535  GigaBytes
Max Memory Allocated: 21.225086212158203  GigaBytes

step  4
----------------------------------------before batch_pred = model(blocks, batch_inputs)
 Nvidia-smi: 22.93115234375 GB
    Memory Allocated: 0.48679637908935547  GigaBytes
Max Memory Allocated: 21.225086212158203  GigaBytes

----------------------------------------after batch_pred = model(blocks, batch_inputs)
 Nvidia-smi: 22.93115234375 GB
    Memory Allocated: 20.807254791259766  GigaBytes
Max Memory Allocated: 21.225086212158203  GigaBytes

----------------------------------------after loss function
 Nvidia-smi: 22.93115234375 GB
    Memory Allocated: 20.811134338378906  GigaBytes
Max Memory Allocated: 21.225086212158203  GigaBytes

step  5
----------------------------------------before batch_pred = model(blocks, batch_inputs)
 Nvidia-smi: 22.93115234375 GB
    Memory Allocated: 0.4924788475036621  GigaBytes
Max Memory Allocated: 21.225086212158203  GigaBytes

----------------------------------------after batch_pred = model(blocks, batch_inputs)
 Nvidia-smi: 22.93115234375 GB
    Memory Allocated: 20.344480991363525  GigaBytes
Max Memory Allocated: 21.225086212158203  GigaBytes

----------------------------------------after loss function
 Nvidia-smi: 22.93115234375 GB
    Memory Allocated: 20.347450256347656  GigaBytes
Max Memory Allocated: 21.225086212158203  GigaBytes

step  6
----------------------------------------before batch_pred = model(blocks, batch_inputs)
 Nvidia-smi: 22.93115234375 GB
    Memory Allocated: 0.5103888511657715  GigaBytes
Max Memory Allocated: 21.225086212158203  GigaBytes

----------------------------------------after batch_pred = model(blocks, batch_inputs)
 Nvidia-smi: 22.93115234375 GB
    Memory Allocated: 20.793828010559082  GigaBytes
Max Memory Allocated: 21.225086212158203  GigaBytes

----------------------------------------after loss function
 Nvidia-smi: 22.93115234375 GB
    Memory Allocated: 20.796709537506104  GigaBytes
Max Memory Allocated: 21.225086212158203  GigaBytes

step  7
----------------------------------------before batch_pred = model(blocks, batch_inputs)
 Nvidia-smi: 22.93115234375 GB
    Memory Allocated: 0.5195884704589844  GigaBytes
Max Memory Allocated: 21.225086212158203  GigaBytes

----------------------------------------after batch_pred = model(blocks, batch_inputs)
 Nvidia-smi: 22.93115234375 GB
    Memory Allocated: 20.608882427215576  GigaBytes
Max Memory Allocated: 21.225086212158203  GigaBytes

----------------------------------------after loss function
 Nvidia-smi: 22.93115234375 GB
    Memory Allocated: 20.611672401428223  GigaBytes
Max Memory Allocated: 21.225086212158203  GigaBytes

step  8
----------------------------------------before batch_pred = model(blocks, batch_inputs)
 Nvidia-smi: 22.93115234375 GB
    Memory Allocated: 0.5301856994628906  GigaBytes
Max Memory Allocated: 21.225086212158203  GigaBytes

----------------------------------------after batch_pred = model(blocks, batch_inputs)
 Nvidia-smi: 22.93115234375 GB
    Memory Allocated: 20.62023639678955  GigaBytes
Max Memory Allocated: 21.225086212158203  GigaBytes

----------------------------------------after loss function
 Nvidia-smi: 22.93115234375 GB
    Memory Allocated: 20.623026371002197  GigaBytes
Max Memory Allocated: 21.225086212158203  GigaBytes

step  9
----------------------------------------before batch_pred = model(blocks, batch_inputs)
 Nvidia-smi: 22.93115234375 GB
    Memory Allocated: 0.5405817031860352  GigaBytes
Max Memory Allocated: 21.225086212158203  GigaBytes

----------------------------------------after batch_pred = model(blocks, batch_inputs)
 Nvidia-smi: 22.93115234375 GB
    Memory Allocated: 20.574410438537598  GigaBytes
Max Memory Allocated: 21.225086212158203  GigaBytes

----------------------------------------after loss function
 Nvidia-smi: 22.93115234375 GB
    Memory Allocated: 20.577632904052734  GigaBytes
Max Memory Allocated: 21.225086212158203  GigaBytes

step  10
----------------------------------------before batch_pred = model(blocks, batch_inputs)
 Nvidia-smi: 22.93115234375 GB
    Memory Allocated: 0.551058292388916  GigaBytes
Max Memory Allocated: 21.225086212158203  GigaBytes

----------------------------------------after batch_pred = model(blocks, batch_inputs)
 Nvidia-smi: 22.93115234375 GB
    Memory Allocated: 20.561800956726074  GigaBytes
Max Memory Allocated: 21.225086212158203  GigaBytes

----------------------------------------after loss function
 Nvidia-smi: 22.93115234375 GB
    Memory Allocated: 20.56459903717041  GigaBytes
Max Memory Allocated: 21.225086212158203  GigaBytes

step  11
----------------------------------------before batch_pred = model(blocks, batch_inputs)
 Nvidia-smi: 22.93115234375 GB
    Memory Allocated: 0.5609874725341797  GigaBytes
Max Memory Allocated: 21.225086212158203  GigaBytes

----------------------------------------after batch_pred = model(blocks, batch_inputs)
 Nvidia-smi: 22.93115234375 GB
    Memory Allocated: 20.482787609100342  GigaBytes
Max Memory Allocated: 21.225086212158203  GigaBytes

----------------------------------------after loss function
 Nvidia-smi: 22.93115234375 GB
    Memory Allocated: 20.48586654663086  GigaBytes
Max Memory Allocated: 21.225086212158203  GigaBytes

----------------------------------------after optimizer
 Nvidia-smi: 22.93115234375 GB
    Memory Allocated: 0.5949568748474121  GigaBytes
Max Memory Allocated: 21.225086212158203  GigaBytes

----------------------------------------------------------pseudo_mini_loss sum 5.205121994018555
